#
# There is insufficient memory for the Java Runtime Environment to continue.
# Native memory allocation (mmap) failed to map 65536 bytes for Failed to commit metaspace.
# Possible reasons:
#   The system is out of physical RAM or swap space
#   The process is running with CompressedOops enabled, and the Java Heap may be blocking the growth of the native heap
# Possible solutions:
#   Reduce memory load on the system
#   Increase physical memory or swap space
#   Check if swap backing store is full
#   Decrease Java heap size (-Xmx/-Xms)
#   Decrease number of Java threads
#   Decrease Java thread stack sizes (-Xss)
#   Set larger code cache with -XX:ReservedCodeCacheSize=
#   JVM is running with Unscaled Compressed Oops mode in which the Java heap is
#     placed in the first 4GB address space. The Java Heap base address is the
#     maximum limit for the native heap growth. Please use -XX:HeapBaseMinAddress
#     to set the Java Heap base and to place the Java Heap above 4GB virtual address.
# This output file may be truncated or incomplete.
#
#  Out of Memory Error (virtualSpaceNode.cpp:110), pid=9124, tid=10024
#
# JRE version: Java(TM) SE Runtime Environment (19.0+36) (build 19+36-2238)
# Java VM: Java HotSpot(TM) 64-Bit Server VM (19+36-2238, mixed mode, sharing, tiered, compressed oops, compressed class ptrs, g1 gc, windows-amd64)
# No core dump will be written. Minidumps are not enabled by default on client versions of Windows
#

---------------  S U M M A R Y ------------

Command Line: -javaagent:C:\Program Files\JetBrains\IntelliJ IDEA Community Edition 2022.2.2\lib\idea_rt.jar=56130:C:\Program Files\JetBrains\IntelliJ IDEA Community Edition 2022.2.2\bin -Dfile.encoding=UTF-8 -Dsun.stdout.encoding=UTF-8 -Dsun.stderr.encoding=UTF-8 test.Main

Host: 12th Gen Intel(R) Core(TM) i5-1240P, 16 cores, 7G,  Windows 11 , 64 bit Build 22621 (10.0.22621.1928)
Time: Sat Jul  8 12:49:07 2023 India Standard Time elapsed time: 1.062959 seconds (0d 0h 0m 1s)

---------------  T H R E A D  ---------------

Current thread (0x000001f6afe5bcb0):  JavaThread "C1 CompilerThread0" daemon [_thread_in_vm, id=10024, stack(0x000000b7e7200000,0x000000b7e7300000)]


Current CompileTask:
C1:   1063 1339       3       java.util.ArrayList::contains (14 bytes)

Stack: [0x000000b7e7200000,0x000000b7e7300000]
Native frames: (J=compiled Java code, j=interpreted, Vv=VM code, C=native code)
V  [jvm.dll+0x6ee8fa]
V  [jvm.dll+0x857a1e]
V  [jvm.dll+0x85940e]
V  [jvm.dll+0x859ac3]
V  [jvm.dll+0x28291f]
V  [jvm.dll+0x85369b]
V  [jvm.dll+0x693276]
V  [jvm.dll+0x1f29b7]
V  [jvm.dll+0x695cb2]
V  [jvm.dll+0x695a9e]
V  [jvm.dll+0x693c9e]
V  [jvm.dll+0x6a557a]
V  [jvm.dll+0x69e54a]
V  [jvm.dll+0x2002f0]
V  [jvm.dll+0x2004d8]
V  [jvm.dll+0x160f1e]
V  [jvm.dll+0x161278]
V  [jvm.dll+0x1606d6]
V  [jvm.dll+0x1623cd]
V  [jvm.dll+0x25b0fa]
V  [jvm.dll+0x259588]
V  [jvm.dll+0x807928]
V  [jvm.dll+0x8015fa]
V  [jvm.dll+0x6ed5eb]
C  [ucrtbase.dll+0x29363]
C  [KERNEL32.DLL+0x126ad]
C  [ntdll.dll+0x5aa68]


---------------  P R O C E S S  ---------------

Threads class SMR info:
_java_thread_list=0x000001f6b41dab00, length=16, elements={
0x000001f690c9da40, 0x000001f6afe1d540, 0x000001f6afe20020, 0x000001f6afe24a50,
0x000001f6afe277b0, 0x000001f6afe28280, 0x000001f6afe2c3b0, 0x000001f6afe5a400,
0x000001f6afe5bcb0, 0x000001f6afe2c900, 0x000001f6afe2ce50, 0x000001f6b4101500,
0x000001f6b4109a70, 0x000001f6b425de00, 0x000001f6afe2d3a0, 0x000001f6afe2ae70
}

Java Threads: ( => current thread )
  0x000001f690c9da40 JavaThread "main" [_thread_in_vm, id=12388, stack(0x000000b7e6400000,0x000000b7e6500000)]
  0x000001f6afe1d540 JavaThread "Reference Handler" daemon [_thread_blocked, id=932, stack(0x000000b7e6b00000,0x000000b7e6c00000)]
  0x000001f6afe20020 JavaThread "Finalizer" daemon [_thread_blocked, id=12072, stack(0x000000b7e6c00000,0x000000b7e6d00000)]
  0x000001f6afe24a50 JavaThread "Signal Dispatcher" daemon [_thread_blocked, id=4376, stack(0x000000b7e6d00000,0x000000b7e6e00000)]
  0x000001f6afe277b0 JavaThread "Attach Listener" daemon [_thread_blocked, id=6428, stack(0x000000b7e6e00000,0x000000b7e6f00000)]
  0x000001f6afe28280 JavaThread "Service Thread" daemon [_thread_blocked, id=6836, stack(0x000000b7e6f00000,0x000000b7e7000000)]
  0x000001f6afe2c3b0 JavaThread "Monitor Deflation Thread" daemon [_thread_blocked, id=7128, stack(0x000000b7e7000000,0x000000b7e7100000)]
  0x000001f6afe5a400 JavaThread "C2 CompilerThread0" daemon [_thread_blocked, id=9112, stack(0x000000b7e7100000,0x000000b7e7200000)]
=>0x000001f6afe5bcb0 JavaThread "C1 CompilerThread0" daemon [_thread_in_vm, id=10024, stack(0x000000b7e7200000,0x000000b7e7300000)]
  0x000001f6afe2c900 JavaThread "Sweeper thread" daemon [_thread_blocked, id=11556, stack(0x000000b7e7300000,0x000000b7e7400000)]
  0x000001f6afe2ce50 JavaThread "Common-Cleaner" daemon [_thread_blocked, id=2828, stack(0x000000b7e7400000,0x000000b7e7500000)]
  0x000001f6b4101500 JavaThread "C1 CompilerThread1" daemon [_thread_blocked, id=9476, stack(0x000000b7e7500000,0x000000b7e7600000)]
  0x000001f6b4109a70 JavaThread "C1 CompilerThread2" daemon [_thread_blocked, id=6736, stack(0x000000b7e7600000,0x000000b7e7700000)]
  0x000001f6b425de00 JavaThread "C2 CompilerThread1" daemon [_thread_blocked, id=5028, stack(0x000000b7e7700000,0x000000b7e7800000)]
  0x000001f6afe2d3a0 JavaThread "Monitor Ctrl-Break" daemon [_thread_in_native, id=11628, stack(0x000000b7e7800000,0x000000b7e7900000)]
  0x000001f6afe2ae70 JavaThread "Notification Thread" daemon [_thread_blocked, id=13100, stack(0x000000b7e7900000,0x000000b7e7a00000)]

Other Threads:
  0x000001f6afe02610 VMThread "VM Thread" [stack: 0x000000b7e6a00000,0x000000b7e6b00000] [id=11936]
  0x000001f6b430cfa0 WatcherThread "VM Periodic Task Thread" [stack: 0x000000b7e7a00000,0x000000b7e7b00000] [id=9520]
  0x000001f690cfe010 WorkerThread "GC Thread#0" [stack: 0x000000b7e6500000,0x000000b7e6600000] [id=4024]
  0x000001f6b42ffe30 WorkerThread "GC Thread#1" [stack: 0x000000b7e7b00000,0x000000b7e7c00000] [id=10924]
  0x000001f6b4300100 WorkerThread "GC Thread#2" [stack: 0x000000b7e7c00000,0x000000b7e7d00000] [id=2388]
  0x000001f6b43011e0 WorkerThread "GC Thread#3" [stack: 0x000000b7e7d00000,0x000000b7e7e00000] [id=4104]
  0x000001f6b4301780 WorkerThread "GC Thread#4" [stack: 0x000000b7e7e00000,0x000000b7e7f00000] [id=1800]
  0x000001f6b4301a50 WorkerThread "GC Thread#5" [stack: 0x000000b7e7f00000,0x000000b7e8000000] [id=7976]
  0x000001f6b43014b0 WorkerThread "GC Thread#6" [stack: 0x000000b7e8000000,0x000000b7e8100000] [id=3872]
  0x000001f6b4300c40 WorkerThread "GC Thread#7" [stack: 0x000000b7e8100000,0x000000b7e8200000] [id=7208]
  0x000001f6b43003d0 WorkerThread "GC Thread#8" [stack: 0x000000b7e8200000,0x000000b7e8300000] [id=1280]
  0x000001f690d0e580 ConcurrentGCThread "G1 Main Marker" [stack: 0x000000b7e6600000,0x000000b7e6700000] [id=924]
  0x000001f690d0eec0 WorkerThread "G1 Conc#0" [stack: 0x000000b7e6700000,0x000000b7e6800000] [id=8900]
  0x000001f690d5e500 ConcurrentGCThread "G1 Refine#0" [stack: 0x000000b7e6800000,0x000000b7e6900000] [id=1964]
  0x000001f6afcbb170 ConcurrentGCThread "G1 Service" [stack: 0x000000b7e6900000,0x000000b7e6a00000] [id=12068]

Threads with active compile tasks:
C1 CompilerThread0     1082 1339       3       java.util.ArrayList::contains (14 bytes)
C1 CompilerThread1     1082 1340       3       java.util.ArrayList::indexOf (11 bytes)

VM state: not at safepoint (normal execution)

VM Mutex/Monitor currently owned by a thread:  ([mutex/lock_event])
[0x000001f690c98460] Metaspace_lock - owner thread: 0x000001f6afe5bcb0
[0x000001f690c9a970] MethodData_lock - owner thread: 0x000001f6afe5bcb0

Heap address: 0x0000000084800000, size: 1976 MB, Compressed Oops mode: 32-bit

CDS archive(s) mapped at: [0x0000000800000000-0x0000000800c40000-0x0000000800c40000), size 12845056, SharedBaseAddress: 0x0000000800000000, ArchiveRelocationMode: 0.
Compressed class space mapped at: 0x0000000801000000-0x0000000841000000, reserved size: 1073741824
Narrow klass base: 0x0000000800000000, Narrow klass shift: 0, Narrow klass range: 0x100000000

GC Precious Log:
 CardTable entry size: 512
 Card Set container configuration: InlinePtr #cards 5 size 8 Array Of Cards #cards 12 size 40 Howl #buckets 4 coarsen threshold 1843 Howl Bitmap #cards 512 size 80 coarsen threshold 460 Card regions per heap region 1 cards per card region 2048
 CPUs: 16 total, 16 available
 Memory: 7896M
 Large Page Support: Disabled
 NUMA Support: Disabled
 Compressed Oops: Enabled (32-bit)
 Heap Region Size: 1M
 Heap Min Capacity: 8M
 Heap Initial Capacity: 124M
 Heap Max Capacity: 1976M
 Pre-touch: Disabled
 Parallel Workers: 13
 Concurrent Workers: 3
 Concurrent Refinement Workers: 13
 Periodic GC: Disabled

Heap:
 garbage-first heap   total 126976K, used 9320K [0x0000000084800000, 0x0000000100000000)
  region size 1024K, 8 young (8192K), 3 survivors (3072K)
 Metaspace       used 10577K, committed 10752K, reserved 1114112K
  class space    used 1247K, committed 1344K, reserved 1048576K

Heap Regions: E=young(eden), S=young(survivor), O=old, HS=humongous(starts), HC=humongous(continues), CS=collection set, F=free, OA=open archive, CA=closed archive, TAMS=top-at-mark-start (previous, next)
|   0|0x0000000084800000, 0x0000000084900000, 0x0000000084900000|100%|HS|  |TAMS 0x0000000084800000, 0x0000000084800000| Complete 
|   1|0x0000000084900000, 0x0000000084a00000, 0x0000000084a00000|100%| O|  |TAMS 0x0000000084900000, 0x0000000084900000| Untracked 
|   2|0x0000000084a00000, 0x0000000084a1a000, 0x0000000084b00000| 10%| O|  |TAMS 0x0000000084a00000, 0x0000000084a00000| Untracked 
|   3|0x0000000084b00000, 0x0000000084b00000, 0x0000000084c00000|  0%| F|  |TAMS 0x0000000084b00000, 0x0000000084b00000| Untracked 
|   4|0x0000000084c00000, 0x0000000084c00000, 0x0000000084d00000|  0%| F|  |TAMS 0x0000000084c00000, 0x0000000084c00000| Untracked 
|   5|0x0000000084d00000, 0x0000000084d00000, 0x0000000084e00000|  0%| F|  |TAMS 0x0000000084d00000, 0x0000000084d00000| Untracked 
|   6|0x0000000084e00000, 0x0000000084e00000, 0x0000000084f00000|  0%| F|  |TAMS 0x0000000084e00000, 0x0000000084e00000| Untracked 
|   7|0x0000000084f00000, 0x0000000084f00000, 0x0000000085000000|  0%| F|  |TAMS 0x0000000084f00000, 0x0000000084f00000| Untracked 
|   8|0x0000000085000000, 0x0000000085000000, 0x0000000085100000|  0%| F|  |TAMS 0x0000000085000000, 0x0000000085000000| Untracked 
|   9|0x0000000085100000, 0x0000000085100000, 0x0000000085200000|  0%| F|  |TAMS 0x0000000085100000, 0x0000000085100000| Untracked 
|  10|0x0000000085200000, 0x0000000085200000, 0x0000000085300000|  0%| F|  |TAMS 0x0000000085200000, 0x0000000085200000| Untracked 
|  11|0x0000000085300000, 0x0000000085300000, 0x0000000085400000|  0%| F|  |TAMS 0x0000000085300000, 0x0000000085300000| Untracked 
|  12|0x0000000085400000, 0x0000000085400000, 0x0000000085500000|  0%| F|  |TAMS 0x0000000085400000, 0x0000000085400000| Untracked 
|  13|0x0000000085500000, 0x0000000085500000, 0x0000000085600000|  0%| F|  |TAMS 0x0000000085500000, 0x0000000085500000| Untracked 
|  14|0x0000000085600000, 0x0000000085600000, 0x0000000085700000|  0%| F|  |TAMS 0x0000000085600000, 0x0000000085600000| Untracked 
|  15|0x0000000085700000, 0x0000000085700000, 0x0000000085800000|  0%| F|  |TAMS 0x0000000085700000, 0x0000000085700000| Untracked 
|  16|0x0000000085800000, 0x0000000085800000, 0x0000000085900000|  0%| F|  |TAMS 0x0000000085800000, 0x0000000085800000| Untracked 
|  17|0x0000000085900000, 0x0000000085900000, 0x0000000085a00000|  0%| F|  |TAMS 0x0000000085900000, 0x0000000085900000| Untracked 
|  18|0x0000000085a00000, 0x0000000085a00000, 0x0000000085b00000|  0%| F|  |TAMS 0x0000000085a00000, 0x0000000085a00000| Untracked 
|  19|0x0000000085b00000, 0x0000000085b00000, 0x0000000085c00000|  0%| F|  |TAMS 0x0000000085b00000, 0x0000000085b00000| Untracked 
|  20|0x0000000085c00000, 0x0000000085c00000, 0x0000000085d00000|  0%| F|  |TAMS 0x0000000085c00000, 0x0000000085c00000| Untracked 
|  21|0x0000000085d00000, 0x0000000085d00000, 0x0000000085e00000|  0%| F|  |TAMS 0x0000000085d00000, 0x0000000085d00000| Untracked 
|  22|0x0000000085e00000, 0x0000000085e00000, 0x0000000085f00000|  0%| F|  |TAMS 0x0000000085e00000, 0x0000000085e00000| Untracked 
|  23|0x0000000085f00000, 0x0000000085f00000, 0x0000000086000000|  0%| F|  |TAMS 0x0000000085f00000, 0x0000000085f00000| Untracked 
|  24|0x0000000086000000, 0x0000000086000000, 0x0000000086100000|  0%| F|  |TAMS 0x0000000086000000, 0x0000000086000000| Untracked 
|  25|0x0000000086100000, 0x0000000086100000, 0x0000000086200000|  0%| F|  |TAMS 0x0000000086100000, 0x0000000086100000| Untracked 
|  26|0x0000000086200000, 0x0000000086200000, 0x0000000086300000|  0%| F|  |TAMS 0x0000000086200000, 0x0000000086200000| Untracked 
|  27|0x0000000086300000, 0x0000000086300000, 0x0000000086400000|  0%| F|  |TAMS 0x0000000086300000, 0x0000000086300000| Untracked 
|  28|0x0000000086400000, 0x0000000086400000, 0x0000000086500000|  0%| F|  |TAMS 0x0000000086400000, 0x0000000086400000| Untracked 
|  29|0x0000000086500000, 0x0000000086500000, 0x0000000086600000|  0%| F|  |TAMS 0x0000000086500000, 0x0000000086500000| Untracked 
|  30|0x0000000086600000, 0x0000000086600000, 0x0000000086700000|  0%| F|  |TAMS 0x0000000086600000, 0x0000000086600000| Untracked 
|  31|0x0000000086700000, 0x0000000086700000, 0x0000000086800000|  0%| F|  |TAMS 0x0000000086700000, 0x0000000086700000| Untracked 
|  32|0x0000000086800000, 0x0000000086800000, 0x0000000086900000|  0%| F|  |TAMS 0x0000000086800000, 0x0000000086800000| Untracked 
|  33|0x0000000086900000, 0x0000000086900000, 0x0000000086a00000|  0%| F|  |TAMS 0x0000000086900000, 0x0000000086900000| Untracked 
|  34|0x0000000086a00000, 0x0000000086a00000, 0x0000000086b00000|  0%| F|  |TAMS 0x0000000086a00000, 0x0000000086a00000| Untracked 
|  35|0x0000000086b00000, 0x0000000086b00000, 0x0000000086c00000|  0%| F|  |TAMS 0x0000000086b00000, 0x0000000086b00000| Untracked 
|  36|0x0000000086c00000, 0x0000000086c00000, 0x0000000086d00000|  0%| F|  |TAMS 0x0000000086c00000, 0x0000000086c00000| Untracked 
|  37|0x0000000086d00000, 0x0000000086d00000, 0x0000000086e00000|  0%| F|  |TAMS 0x0000000086d00000, 0x0000000086d00000| Untracked 
|  38|0x0000000086e00000, 0x0000000086e00000, 0x0000000086f00000|  0%| F|  |TAMS 0x0000000086e00000, 0x0000000086e00000| Untracked 
|  39|0x0000000086f00000, 0x0000000086f00000, 0x0000000087000000|  0%| F|  |TAMS 0x0000000086f00000, 0x0000000086f00000| Untracked 
|  40|0x0000000087000000, 0x0000000087000000, 0x0000000087100000|  0%| F|  |TAMS 0x0000000087000000, 0x0000000087000000| Untracked 
|  41|0x0000000087100000, 0x0000000087100000, 0x0000000087200000|  0%| F|  |TAMS 0x0000000087100000, 0x0000000087100000| Untracked 
|  42|0x0000000087200000, 0x0000000087200000, 0x0000000087300000|  0%| F|  |TAMS 0x0000000087200000, 0x0000000087200000| Untracked 
|  43|0x0000000087300000, 0x0000000087300000, 0x0000000087400000|  0%| F|  |TAMS 0x0000000087300000, 0x0000000087300000| Untracked 
|  44|0x0000000087400000, 0x0000000087400000, 0x0000000087500000|  0%| F|  |TAMS 0x0000000087400000, 0x0000000087400000| Untracked 
|  45|0x0000000087500000, 0x0000000087500000, 0x0000000087600000|  0%| F|  |TAMS 0x0000000087500000, 0x0000000087500000| Untracked 
|  46|0x0000000087600000, 0x0000000087600000, 0x0000000087700000|  0%| F|  |TAMS 0x0000000087600000, 0x0000000087600000| Untracked 
|  47|0x0000000087700000, 0x0000000087700000, 0x0000000087800000|  0%| F|  |TAMS 0x0000000087700000, 0x0000000087700000| Untracked 
|  48|0x0000000087800000, 0x0000000087800000, 0x0000000087900000|  0%| F|  |TAMS 0x0000000087800000, 0x0000000087800000| Untracked 
|  49|0x0000000087900000, 0x0000000087900000, 0x0000000087a00000|  0%| F|  |TAMS 0x0000000087900000, 0x0000000087900000| Untracked 
|  50|0x0000000087a00000, 0x0000000087a00000, 0x0000000087b00000|  0%| F|  |TAMS 0x0000000087a00000, 0x0000000087a00000| Untracked 
|  51|0x0000000087b00000, 0x0000000087b00000, 0x0000000087c00000|  0%| F|  |TAMS 0x0000000087b00000, 0x0000000087b00000| Untracked 
|  52|0x0000000087c00000, 0x0000000087c00000, 0x0000000087d00000|  0%| F|  |TAMS 0x0000000087c00000, 0x0000000087c00000| Untracked 
|  53|0x0000000087d00000, 0x0000000087d00000, 0x0000000087e00000|  0%| F|  |TAMS 0x0000000087d00000, 0x0000000087d00000| Untracked 
|  54|0x0000000087e00000, 0x0000000087e00000, 0x0000000087f00000|  0%| F|  |TAMS 0x0000000087e00000, 0x0000000087e00000| Untracked 
|  55|0x0000000087f00000, 0x0000000087f00000, 0x0000000088000000|  0%| F|  |TAMS 0x0000000087f00000, 0x0000000087f00000| Untracked 
|  56|0x0000000088000000, 0x0000000088000000, 0x0000000088100000|  0%| F|  |TAMS 0x0000000088000000, 0x0000000088000000| Untracked 
|  57|0x0000000088100000, 0x0000000088100000, 0x0000000088200000|  0%| F|  |TAMS 0x0000000088100000, 0x0000000088100000| Untracked 
|  58|0x0000000088200000, 0x0000000088200000, 0x0000000088300000|  0%| F|  |TAMS 0x0000000088200000, 0x0000000088200000| Untracked 
|  59|0x0000000088300000, 0x0000000088300000, 0x0000000088400000|  0%| F|  |TAMS 0x0000000088300000, 0x0000000088300000| Untracked 
|  60|0x0000000088400000, 0x0000000088400000, 0x0000000088500000|  0%| F|  |TAMS 0x0000000088400000, 0x0000000088400000| Untracked 
|  61|0x0000000088500000, 0x0000000088500000, 0x0000000088600000|  0%| F|  |TAMS 0x0000000088500000, 0x0000000088500000| Untracked 
|  62|0x0000000088600000, 0x0000000088600000, 0x0000000088700000|  0%| F|  |TAMS 0x0000000088600000, 0x0000000088600000| Untracked 
|  63|0x0000000088700000, 0x0000000088700000, 0x0000000088800000|  0%| F|  |TAMS 0x0000000088700000, 0x0000000088700000| Untracked 
|  64|0x0000000088800000, 0x0000000088800000, 0x0000000088900000|  0%| F|  |TAMS 0x0000000088800000, 0x0000000088800000| Untracked 
|  65|0x0000000088900000, 0x0000000088900000, 0x0000000088a00000|  0%| F|  |TAMS 0x0000000088900000, 0x0000000088900000| Untracked 
|  66|0x0000000088a00000, 0x0000000088a00000, 0x0000000088b00000|  0%| F|  |TAMS 0x0000000088a00000, 0x0000000088a00000| Untracked 
|  67|0x0000000088b00000, 0x0000000088b00000, 0x0000000088c00000|  0%| F|  |TAMS 0x0000000088b00000, 0x0000000088b00000| Untracked 
|  68|0x0000000088c00000, 0x0000000088c00000, 0x0000000088d00000|  0%| F|  |TAMS 0x0000000088c00000, 0x0000000088c00000| Untracked 
|  69|0x0000000088d00000, 0x0000000088d00000, 0x0000000088e00000|  0%| F|  |TAMS 0x0000000088d00000, 0x0000000088d00000| Untracked 
|  70|0x0000000088e00000, 0x0000000088e00000, 0x0000000088f00000|  0%| F|  |TAMS 0x0000000088e00000, 0x0000000088e00000| Untracked 
|  71|0x0000000088f00000, 0x0000000088f00000, 0x0000000089000000|  0%| F|  |TAMS 0x0000000088f00000, 0x0000000088f00000| Untracked 
|  72|0x0000000089000000, 0x0000000089000000, 0x0000000089100000|  0%| F|  |TAMS 0x0000000089000000, 0x0000000089000000| Untracked 
|  73|0x0000000089100000, 0x0000000089100000, 0x0000000089200000|  0%| F|  |TAMS 0x0000000089100000, 0x0000000089100000| Untracked 
|  74|0x0000000089200000, 0x0000000089200000, 0x0000000089300000|  0%| F|  |TAMS 0x0000000089200000, 0x0000000089200000| Untracked 
|  75|0x0000000089300000, 0x0000000089300000, 0x0000000089400000|  0%| F|  |TAMS 0x0000000089300000, 0x0000000089300000| Untracked 
|  76|0x0000000089400000, 0x0000000089400000, 0x0000000089500000|  0%| F|  |TAMS 0x0000000089400000, 0x0000000089400000| Untracked 
|  77|0x0000000089500000, 0x0000000089500000, 0x0000000089600000|  0%| F|  |TAMS 0x0000000089500000, 0x0000000089500000| Untracked 
|  78|0x0000000089600000, 0x0000000089600000, 0x0000000089700000|  0%| F|  |TAMS 0x0000000089600000, 0x0000000089600000| Untracked 
|  79|0x0000000089700000, 0x0000000089700000, 0x0000000089800000|  0%| F|  |TAMS 0x0000000089700000, 0x0000000089700000| Untracked 
|  80|0x0000000089800000, 0x0000000089800000, 0x0000000089900000|  0%| F|  |TAMS 0x0000000089800000, 0x0000000089800000| Untracked 
|  81|0x0000000089900000, 0x0000000089900000, 0x0000000089a00000|  0%| F|  |TAMS 0x0000000089900000, 0x0000000089900000| Untracked 
|  82|0x0000000089a00000, 0x0000000089a00000, 0x0000000089b00000|  0%| F|  |TAMS 0x0000000089a00000, 0x0000000089a00000| Untracked 
|  83|0x0000000089b00000, 0x0000000089b00000, 0x0000000089c00000|  0%| F|  |TAMS 0x0000000089b00000, 0x0000000089b00000| Untracked 
|  84|0x0000000089c00000, 0x0000000089c00000, 0x0000000089d00000|  0%| F|  |TAMS 0x0000000089c00000, 0x0000000089c00000| Untracked 
|  85|0x0000000089d00000, 0x0000000089d00000, 0x0000000089e00000|  0%| F|  |TAMS 0x0000000089d00000, 0x0000000089d00000| Untracked 
|  86|0x0000000089e00000, 0x0000000089e00000, 0x0000000089f00000|  0%| F|  |TAMS 0x0000000089e00000, 0x0000000089e00000| Untracked 
|  87|0x0000000089f00000, 0x0000000089f00000, 0x000000008a000000|  0%| F|  |TAMS 0x0000000089f00000, 0x0000000089f00000| Untracked 
|  88|0x000000008a000000, 0x000000008a000000, 0x000000008a100000|  0%| F|  |TAMS 0x000000008a000000, 0x000000008a000000| Untracked 
|  89|0x000000008a100000, 0x000000008a100000, 0x000000008a200000|  0%| F|  |TAMS 0x000000008a100000, 0x000000008a100000| Untracked 
|  90|0x000000008a200000, 0x000000008a200000, 0x000000008a300000|  0%| F|  |TAMS 0x000000008a200000, 0x000000008a200000| Untracked 
|  91|0x000000008a300000, 0x000000008a300000, 0x000000008a400000|  0%| F|  |TAMS 0x000000008a300000, 0x000000008a300000| Untracked 
|  92|0x000000008a400000, 0x000000008a400000, 0x000000008a500000|  0%| F|  |TAMS 0x000000008a400000, 0x000000008a400000| Untracked 
|  93|0x000000008a500000, 0x000000008a500000, 0x000000008a600000|  0%| F|  |TAMS 0x000000008a500000, 0x000000008a500000| Untracked 
|  94|0x000000008a600000, 0x000000008a600000, 0x000000008a700000|  0%| F|  |TAMS 0x000000008a600000, 0x000000008a600000| Untracked 
|  95|0x000000008a700000, 0x000000008a700000, 0x000000008a800000|  0%| F|  |TAMS 0x000000008a700000, 0x000000008a700000| Untracked 
|  96|0x000000008a800000, 0x000000008a800000, 0x000000008a900000|  0%| F|  |TAMS 0x000000008a800000, 0x000000008a800000| Untracked 
|  97|0x000000008a900000, 0x000000008a900000, 0x000000008aa00000|  0%| F|  |TAMS 0x000000008a900000, 0x000000008a900000| Untracked 
|  98|0x000000008aa00000, 0x000000008ab00000, 0x000000008ab00000|100%| S|CS|TAMS 0x000000008aa00000, 0x000000008aa00000| Complete 
|  99|0x000000008ab00000, 0x000000008ac00000, 0x000000008ac00000|100%| S|CS|TAMS 0x000000008ab00000, 0x000000008ab00000| Complete 
| 100|0x000000008ac00000, 0x000000008ad00000, 0x000000008ad00000|100%| S|CS|TAMS 0x000000008ac00000, 0x000000008ac00000| Complete 
| 101|0x000000008ad00000, 0x000000008ad00000, 0x000000008ae00000|  0%| F|  |TAMS 0x000000008ad00000, 0x000000008ad00000| Untracked 
| 102|0x000000008ae00000, 0x000000008ae00000, 0x000000008af00000|  0%| F|  |TAMS 0x000000008ae00000, 0x000000008ae00000| Untracked 
| 103|0x000000008af00000, 0x000000008af00000, 0x000000008b000000|  0%| F|  |TAMS 0x000000008af00000, 0x000000008af00000| Untracked 
| 104|0x000000008b000000, 0x000000008b000000, 0x000000008b100000|  0%| F|  |TAMS 0x000000008b000000, 0x000000008b000000| Untracked 
| 105|0x000000008b100000, 0x000000008b100000, 0x000000008b200000|  0%| F|  |TAMS 0x000000008b100000, 0x000000008b100000| Untracked 
| 106|0x000000008b200000, 0x000000008b200000, 0x000000008b300000|  0%| F|  |TAMS 0x000000008b200000, 0x000000008b200000| Untracked 
| 107|0x000000008b300000, 0x000000008b300000, 0x000000008b400000|  0%| F|  |TAMS 0x000000008b300000, 0x000000008b300000| Untracked 
| 108|0x000000008b400000, 0x000000008b400000, 0x000000008b500000|  0%| F|  |TAMS 0x000000008b400000, 0x000000008b400000| Untracked 
| 109|0x000000008b500000, 0x000000008b500000, 0x000000008b600000|  0%| F|  |TAMS 0x000000008b500000, 0x000000008b500000| Untracked 
| 110|0x000000008b600000, 0x000000008b600000, 0x000000008b700000|  0%| F|  |TAMS 0x000000008b600000, 0x000000008b600000| Untracked 
| 111|0x000000008b700000, 0x000000008b700000, 0x000000008b800000|  0%| F|  |TAMS 0x000000008b700000, 0x000000008b700000| Untracked 
| 112|0x000000008b800000, 0x000000008b800000, 0x000000008b900000|  0%| F|  |TAMS 0x000000008b800000, 0x000000008b800000| Untracked 
| 113|0x000000008b900000, 0x000000008b900000, 0x000000008ba00000|  0%| F|  |TAMS 0x000000008b900000, 0x000000008b900000| Untracked 
| 114|0x000000008ba00000, 0x000000008ba00000, 0x000000008bb00000|  0%| F|  |TAMS 0x000000008ba00000, 0x000000008ba00000| Untracked 
| 115|0x000000008bb00000, 0x000000008bb00000, 0x000000008bc00000|  0%| F|  |TAMS 0x000000008bb00000, 0x000000008bb00000| Untracked 
| 116|0x000000008bc00000, 0x000000008bc00000, 0x000000008bd00000|  0%| F|  |TAMS 0x000000008bc00000, 0x000000008bc00000| Untracked 
| 117|0x000000008bd00000, 0x000000008bd00000, 0x000000008be00000|  0%| F|  |TAMS 0x000000008bd00000, 0x000000008bd00000| Untracked 
| 118|0x000000008be00000, 0x000000008be00000, 0x000000008bf00000|  0%| F|  |TAMS 0x000000008be00000, 0x000000008be00000| Untracked 
| 119|0x000000008bf00000, 0x000000008c000000, 0x000000008c000000|100%| E|  |TAMS 0x000000008bf00000, 0x000000008bf00000| Complete 
| 120|0x000000008c000000, 0x000000008c100000, 0x000000008c100000|100%| E|CS|TAMS 0x000000008c000000, 0x000000008c000000| Complete 
| 121|0x000000008c100000, 0x000000008c200000, 0x000000008c200000|100%| E|CS|TAMS 0x000000008c100000, 0x000000008c100000| Complete 
| 122|0x000000008c200000, 0x000000008c300000, 0x000000008c300000|100%| E|CS|TAMS 0x000000008c200000, 0x000000008c200000| Complete 
| 123|0x000000008c300000, 0x000000008c400000, 0x000000008c400000|100%| E|CS|TAMS 0x000000008c300000, 0x000000008c300000| Complete 

Card table byte_map: [0x000001f6a8850000,0x000001f6a8c30000] _byte_map_base: 0x000001f6a842c000

Marking Bits (Prev, Next): (CMBitMap*) 0x000001f690cfe550, (CMBitMap*) 0x000001f690cfe590
 Prev Bits: [0x000001f6a9010000, 0x000001f6aaef0000)
 Next Bits: [0x000001f6aaef0000, 0x000001f6acdd0000)

Polling page: 0x000001f68eca0000

Metaspace:

Usage:
  Non-class:      9.11 MB used.
      Class:      1.22 MB used.
       Both:     10.33 MB used.

Virtual space:
  Non-class space:       64.00 MB reserved,       9.19 MB ( 14%) committed,  1 nodes.
      Class space:        1.00 GB reserved,       1.31 MB ( <1%) committed,  1 nodes.
             Both:        1.06 GB reserved,      10.50 MB ( <1%) committed. 

Chunk freelists:
   Non-Class:  2.33 MB
       Class:  2.61 MB
        Both:  4.94 MB

MaxMetaspaceSize: unlimited
CompressedClassSpaceSize: 1.00 GB
Initial GC threshold: 21.00 MB
Current GC threshold: 21.00 MB
CDS: on
MetaspaceReclaimPolicy: balanced
 - commit_granule_bytes: 65536.
 - commit_granule_words: 8192.
 - virtual_space_node_default_size: 8388608.
 - enlarge_chunks_in_place: 1.
 - new_chunks_are_fully_committed: 0.
 - uncommit_free_chunks: 1.
 - use_allocation_guard: 0.


Internal statistics:

num_allocs_failed_limit: 0.
num_arena_births: 136.
num_arena_deaths: 0.
num_vsnodes_births: 2.
num_vsnodes_deaths: 0.
num_space_committed: 168.
num_space_uncommitted: 0.
num_chunks_returned_to_freelist: 0.
num_chunks_taken_from_freelist: 359.
num_chunk_merges: 0.
num_chunk_splits: 253.
num_chunks_enlarged: 192.
num_inconsistent_stats: 0.

CodeHeap 'non-profiled nmethods': size=119168Kb used=435Kb max_used=435Kb free=118732Kb
 bounds [0x000001f6a0790000, 0x000001f6a0a00000, 0x000001f6a7bf0000]
CodeHeap 'profiled nmethods': size=119104Kb used=2407Kb max_used=2407Kb free=116696Kb
 bounds [0x000001f698bf0000, 0x000001f698e60000, 0x000001f6a0040000]
CodeHeap 'non-nmethods': size=7488Kb used=2389Kb max_used=2398Kb free=5098Kb
 bounds [0x000001f6a0040000, 0x000001f6a02b0000, 0x000001f6a0790000]
 total_blobs=1817 nmethods=1338 adapters=388
 compilation: enabled
              stopped_count=0, restarted_count=0
 full_count=0

Compilation events (20 events):
Event: 1.051 Thread 0x000001f6afe5bcb0 nmethod 1329 0x000001f698e48090 code [0x000001f698e48240, 0x000001f698e483f8]
Event: 1.051 Thread 0x000001f6afe5bcb0 1330       3       com.sun.org.apache.xerces.internal.xni.QName::setValues (22 bytes)
Event: 1.051 Thread 0x000001f6afe5bcb0 nmethod 1330 0x000001f698e48490 code [0x000001f698e48640, 0x000001f698e488b8]
Event: 1.051 Thread 0x000001f6b4109a70 1331       1       com.sun.org.apache.xerces.internal.impl.xs.opti.NodeImpl::getNamespaceURI (5 bytes)
Event: 1.051 Thread 0x000001f6b4109a70 nmethod 1331 0x000001f6a07fc190 code [0x000001f6a07fc320, 0x000001f6a07fc3d8]
Event: 1.051 Thread 0x000001f6b4109a70 1332       3       com.sun.org.apache.xerces.internal.util.DOMUtil::getLocalName (22 bytes)
Event: 1.052 Thread 0x000001f6b4101500 1333       3       com.sun.org.apache.xerces.internal.impl.xs.opti.NamedNodeMapImpl::getLength (6 bytes)
Event: 1.052 Thread 0x000001f6b4109a70 nmethod 1332 0x000001f698e48990 code [0x000001f698e48b60, 0x000001f698e48e58]
Event: 1.052 Thread 0x000001f6b4101500 nmethod 1333 0x000001f698e48f90 code [0x000001f698e49120, 0x000001f698e49238]
Event: 1.052 Thread 0x000001f6b4109a70 1334       1       com.sun.org.apache.xerces.internal.impl.xs.opti.AttrImpl::getValue (5 bytes)
Event: 1.052 Thread 0x000001f6b4109a70 nmethod 1334 0x000001f6a07fc490 code [0x000001f6a07fc620, 0x000001f6a07fc6d8]
Event: 1.052 Thread 0x000001f6b4109a70 1335       1       com.sun.org.apache.xerces.internal.impl.xs.opti.NodeImpl::getNodeName (5 bytes)
Event: 1.053 Thread 0x000001f6b4109a70 nmethod 1335 0x000001f6a07fc790 code [0x000001f6a07fc920, 0x000001f6a07fc9d8]
Event: 1.054 Thread 0x000001f6afe5bcb0 1336       3       java.lang.invoke.LambdaFormEditor$TransformKey::ival (25 bytes)
Event: 1.054 Thread 0x000001f6afe5bcb0 nmethod 1336 0x000001f698e49310 code [0x000001f698e494a0, 0x000001f698e49598]
Event: 1.055 Thread 0x000001f6afe5bcb0 1337       1       com.sun.org.apache.xerces.internal.impl.dtd.models.CMNode::type (5 bytes)
Event: 1.055 Thread 0x000001f6afe5bcb0 nmethod 1337 0x000001f6a07fca90 code [0x000001f6a07fcc20, 0x000001f6a07fccd8]
Event: 1.061 Thread 0x000001f6b4109a70 1338       3       java.util.ArrayList::indexOfRange (71 bytes)
Event: 1.061 Thread 0x000001f6afe5bcb0 1339       3       java.util.ArrayList::contains (14 bytes)
Event: 1.061 Thread 0x000001f6b4101500 1340       3       java.util.ArrayList::indexOf (11 bytes)

GC Heap History (2 events):
Event: 0.891 GC heap before
{Heap before GC invocations=0 (full 0):
 garbage-first heap   total 126976K, used 24576K [0x0000000084800000, 0x0000000100000000)
  region size 1024K, 23 young (23552K), 0 survivors (0K)
 Metaspace       used 7703K, committed 7872K, reserved 1114112K
  class space    used 942K, committed 1024K, reserved 1048576K
}
Event: 0.899 GC heap after
{Heap after GC invocations=1 (full 0):
 garbage-first heap   total 126976K, used 5224K [0x0000000084800000, 0x0000000100000000)
  region size 1024K, 3 young (3072K), 3 survivors (3072K)
 Metaspace       used 7703K, committed 7872K, reserved 1114112K
  class space    used 942K, committed 1024K, reserved 1048576K
}

Dll operation events (11 events):
Event: 0.015 Loaded shared library C:\Program Files\Java\jdk-19\bin\java.dll
Event: 0.029 Loaded shared library C:\Program Files\Java\jdk-19\bin\jsvml.dll
Event: 0.121 Loaded shared library C:\Program Files\Java\jdk-19\bin\zip.dll
Event: 0.124 Loaded shared library C:\Program Files\Java\jdk-19\bin\instrument.dll
Event: 0.133 Loaded shared library C:\Program Files\Java\jdk-19\bin\net.dll
Event: 0.135 Loaded shared library C:\Program Files\Java\jdk-19\bin\nio.dll
Event: 0.138 Loaded shared library C:\Program Files\Java\jdk-19\bin\zip.dll
Event: 0.193 Loaded shared library C:\Program Files\JetBrains\IntelliJ IDEA Community Edition 2022.2.2\bin\breakgen64.dll
Event: 0.204 Loaded shared library C:\Program Files\Java\jdk-19\bin\extnet.dll
Event: 0.240 Loaded shared library C:\Program Files\Java\jdk-19\bin\jimage.dll
Event: 0.435 Loaded shared library C:\Program Files\Java\jdk-19\bin\verify.dll

Deoptimization events (20 events):
Event: 0.999 Thread 0x000001f690c9da40 Uncommon trap: trap_request=0xffffff45 fr.pc=0x000001f6a07cd0b4 relative=0x0000000000000294
Event: 0.999 Thread 0x000001f690c9da40 Uncommon trap: reason=unstable_if action=reinterpret pc=0x000001f6a07cd0b4 method=java.lang.String.startsWith(Ljava/lang/String;I)Z @ 14 c2
Event: 0.999 Thread 0x000001f690c9da40 DEOPT PACKING pc=0x000001f6a07cd0b4 sp=0x000000b7e64febc0
Event: 0.999 Thread 0x000001f690c9da40 DEOPT UNPACKING pc=0x000001f6a00a6da3 sp=0x000000b7e64feb20 mode 2
Event: 1.024 Thread 0x000001f6afe277b0 Uncommon trap: trap_request=0xffffff45 fr.pc=0x000001f6a07cb4dc relative=0x000000000000065c
Event: 1.024 Thread 0x000001f6afe277b0 Uncommon trap: reason=unstable_if action=reinterpret pc=0x000001f6a07cb4dc method=java.util.regex.Matcher.search(I)Z @ 30 c2
Event: 1.024 Thread 0x000001f6afe277b0 DEOPT PACKING pc=0x000001f6a07cb4dc sp=0x000000b7e6efe8e0
Event: 1.024 Thread 0x000001f6afe277b0 DEOPT UNPACKING pc=0x000001f6a00a6da3 sp=0x000000b7e6efe8c0 mode 2
Event: 1.027 Thread 0x000001f6afe277b0 Uncommon trap: trap_request=0xffffff45 fr.pc=0x000001f6a07e664c relative=0x0000000000000d0c
Event: 1.027 Thread 0x000001f6afe277b0 Uncommon trap: reason=unstable_if action=reinterpret pc=0x000001f6a07e664c method=java.util.concurrent.ConcurrentHashMap.putVal(Ljava/lang/Object;Ljava/lang/Object;Z)Ljava/lang/Object; @ 148 c2
Event: 1.027 Thread 0x000001f6afe277b0 DEOPT PACKING pc=0x000001f6a07e664c sp=0x000000b7e6efe4b0
Event: 1.027 Thread 0x000001f6afe277b0 DEOPT UNPACKING pc=0x000001f6a00a6da3 sp=0x000000b7e6efe430 mode 2
Event: 1.028 Thread 0x000001f6afe277b0 Uncommon trap: trap_request=0xffffff45 fr.pc=0x000001f6a07c9870 relative=0x0000000000000130
Event: 1.028 Thread 0x000001f6afe277b0 Uncommon trap: reason=unstable_if action=reinterpret pc=0x000001f6a07c9870 method=java.util.regex.Pattern$BmpCharPropertyGreedy.match(Ljava/util/regex/Matcher;ILjava/lang/CharSequence;)Z @ 12 c2
Event: 1.028 Thread 0x000001f6afe277b0 DEOPT PACKING pc=0x000001f6a07c9870 sp=0x000000b7e6efe870
Event: 1.028 Thread 0x000001f6afe277b0 DEOPT UNPACKING pc=0x000001f6a00a6da3 sp=0x000000b7e6efe808 mode 2
Event: 1.038 Thread 0x000001f6afe277b0 Uncommon trap: trap_request=0xffffff45 fr.pc=0x000001f6a07c0ed8 relative=0x0000000000000138
Event: 1.038 Thread 0x000001f6afe277b0 Uncommon trap: reason=unstable_if action=reinterpret pc=0x000001f6a07c0ed8 method=java.util.concurrent.locks.ReentrantLock$NonfairSync.initialTryLock()Z @ 10 c2
Event: 1.038 Thread 0x000001f6afe277b0 DEOPT PACKING pc=0x000001f6a07c0ed8 sp=0x000000b7e6eff1d0
Event: 1.038 Thread 0x000001f6afe277b0 DEOPT UNPACKING pc=0x000001f6a00a6da3 sp=0x000000b7e6eff178 mode 2

Classes loaded (20 events):
Event: 1.059 Loading class com/sun/org/apache/xerces/internal/impl/xs/ElementPSVImpl done
Event: 1.059 Loading class com/sun/org/apache/xerces/internal/impl/xs/XMLSchemaValidator$XSIErrorReporter
Event: 1.060 Loading class com/sun/org/apache/xerces/internal/impl/xs/XMLSchemaValidator$XSIErrorReporter done
Event: 1.060 Loading class com/sun/org/apache/xerces/internal/impl/validation/ConfigurableValidationState
Event: 1.060 Loading class com/sun/org/apache/xerces/internal/impl/validation/ConfigurableValidationState done
Event: 1.060 Loading class com/sun/org/apache/xerces/internal/impl/xs/XSNotationDecl
Event: 1.060 Loading class com/sun/org/apache/xerces/internal/xs/XSNotationDeclaration
Event: 1.060 Loading class com/sun/org/apache/xerces/internal/xs/XSNotationDeclaration done
Event: 1.060 Loading class com/sun/org/apache/xerces/internal/impl/xs/XSNotationDecl done
Event: 1.060 Loading class com/sun/org/apache/xerces/internal/impl/xs/XMLSchemaValidator$XPathMatcherStack
Event: 1.060 Loading class com/sun/org/apache/xerces/internal/impl/xs/XMLSchemaValidator$XPathMatcherStack done
Event: 1.060 Loading class com/sun/org/apache/xerces/internal/impl/xs/identity/XPathMatcher
Event: 1.060 Loading class com/sun/org/apache/xerces/internal/impl/xs/identity/XPathMatcher done
Event: 1.060 Loading class com/sun/org/apache/xerces/internal/util/IntStack
Event: 1.060 Loading class com/sun/org/apache/xerces/internal/util/IntStack done
Event: 1.060 Loading class com/sun/org/apache/xerces/internal/impl/xs/XMLSchemaValidator$ValueStoreCache
Event: 1.061 Loading class com/sun/org/apache/xerces/internal/impl/xs/XMLSchemaValidator$ValueStoreCache done
Event: 1.061 Loading class com/sun/org/apache/xerces/internal/impl/xs/XMLSchemaValidator$LocalIDKey
Event: 1.061 Loading class com/sun/org/apache/xerces/internal/impl/xs/XMLSchemaValidator$LocalIDKey done
Event: 1.061 Loading class com/sun/org/apache/xerces/internal/util/SAXLocatorWrapper

Classes unloaded (0 events):
No events

Classes redefined (0 events):
No events

Internal exceptions (13 events):
Event: 0.183 Thread 0x000001f690c9da40 Exception <a 'java/lang/NoSuchMethodError'{0x000000008c0f2a80}: 'void java.lang.invoke.DirectMethodHandle$Holder.invokeStatic(java.lang.Object, java.lang.Object, java.lang.Object)'> (0x000000008c0f2a80) 
thrown [s\open\src\hotspot\share\interpreter\linkResolver.cpp, line 774]
Event: 0.189 Thread 0x000001f690c9da40 Exception <a 'java/lang/NoSuchMethodError'{0x000000008bf0ba98}: 'java.lang.Object java.lang.invoke.Invokers$Holder.invokeExact_MT(java.lang.Object, java.lang.Object, java.lang.Object, java.lang.Object, java.lang.Object)'> (0x000000008bf0ba98) 
thrown [s\open\src\hotspot\share\interpreter\linkResolver.cpp, line 774]
Event: 0.205 Thread 0x000001f6afe2d3a0 Exception <a 'java/lang/NoSuchMethodError'{0x000000008bf7d6d0}: 'void java.lang.invoke.DirectMethodHandle$Holder.invokeStatic(java.lang.Object, java.lang.Object)'> (0x000000008bf7d6d0) 
thrown [s\open\src\hotspot\share\interpreter\linkResolver.cpp, line 774]
Event: 0.268 Thread 0x000001f690c9da40 Exception <a 'java/lang/NoSuchMethodError'{0x000000008bd34b58}: 'java.lang.ClassLoader java.lang.Class.getClassLoader(java.lang.Class)'> (0x000000008bd34b58) 
thrown [s\open\src\hotspot\share\interpreter\linkResolver.cpp, line 774]
Event: 0.270 Thread 0x000001f690c9da40 Exception <a 'java/lang/NoSuchMethodError'{0x000000008bd3cf28}: 'java.lang.Object java.lang.invoke.DirectMethodHandle$Holder.invokeStatic(java.lang.Object, java.lang.Object, int)'> (0x000000008bd3cf28) 
thrown [s\open\src\hotspot\share\interpreter\linkResolver.cpp, line 774]
Event: 0.272 Thread 0x000001f690c9da40 Exception <a 'java/lang/NoSuchMethodError'{0x000000008bd48d48}: 'void java.lang.invoke.DelegatingMethodHandle$Holder.delegate(java.lang.Object, java.lang.Object, int, java.lang.Object)'> (0x000000008bd48d48) 
thrown [s\open\src\hotspot\share\interpreter\linkResolver.cpp, line 774]
Event: 0.273 Thread 0x000001f690c9da40 Exception <a 'java/lang/NoSuchMethodError'{0x000000008bd4cd98}: 'int java.lang.invoke.DirectMethodHandle$Holder.invokeSpecial(java.lang.Object, java.lang.Object, java.lang.Object)'> (0x000000008bd4cd98) 
thrown [s\open\src\hotspot\share\interpreter\linkResolver.cpp, line 774]
Event: 0.314 Thread 0x000001f690c9da40 Exception <a 'java/lang/NoSuchMethodError'{0x000000008bc9ea58}: 'java.lang.Object java.lang.invoke.DirectMethodHandle$Holder.invokeInterface(java.lang.Object, java.lang.Object)'> (0x000000008bc9ea58) 
thrown [s\open\src\hotspot\share\interpreter\linkResolver.cpp, line 774]
Event: 0.632 Thread 0x000001f690c9da40 Exception <a 'java/lang/NoSuchMethodError'{0x000000008b468e08}: 'int java.lang.invoke.DirectMethodHandle$Holder.invokeVirtual(java.lang.Object, java.lang.Object)'> (0x000000008b468e08) 
thrown [s\open\src\hotspot\share\interpreter\linkResolver.cpp, line 774]
Event: 0.798 Thread 0x000001f690c9da40 Exception <a 'java/lang/NullPointerException'{0x000000008af98ea0}> (0x000000008af98ea0) 
thrown [s\open\src\hotspot\share\interpreter\linkResolver.cpp, line 1458]
Event: 0.829 Thread 0x000001f690c9da40 Implicit null exception at 0x000001f6a07ca0d8 to 0x000001f6a07ca16e
Event: 1.012 Thread 0x000001f690c9da40 Exception <a 'java/lang/ClassNotFoundException'{0x000000008c0b3840}: com/sun/org/apache/xerces/internal/impl/xpath/regex/spi/messageProvider> (0x000000008c0b3840) 
thrown [s\open\src\hotspot\share\classfile\systemDictionary.cpp, line 255]
Event: 1.036 Thread 0x000001f6afe277b0 Exception <a 'java/lang/NoSuchMethodError'{0x000000008bfaca60}: 'java.lang.Object java.lang.invoke.Invokers$Holder.invokeExact_MT(java.lang.Object, java.lang.Object, java.lang.Object, java.lang.Object, java.lang.Object, java.lang.Object)'> (0x000000008bfaca60) 
thrown [s\open\src\hotspot\share\interpreter\linkResolver.cpp, line 774]

VM Operations (20 events):
Event: 0.197 Executing VM operation: HandshakeAllThreads
Event: 0.197 Executing VM operation: HandshakeAllThreads done
Event: 0.311 Executing VM operation: HandshakeAllThreads
Event: 0.311 Executing VM operation: HandshakeAllThreads done
Event: 0.695 Executing VM operation: HandshakeAllThreads
Event: 0.695 Executing VM operation: HandshakeAllThreads done
Event: 0.820 Executing VM operation: HandshakeAllThreads
Event: 0.820 Executing VM operation: HandshakeAllThreads done
Event: 0.869 Executing VM operation: HandshakeAllThreads
Event: 0.869 Executing VM operation: HandshakeAllThreads done
Event: 0.891 Executing VM operation: G1CollectForAllocation
Event: 0.900 Executing VM operation: G1CollectForAllocation done
Event: 0.900 Executing VM operation: HandshakeAllThreads
Event: 0.900 Executing VM operation: HandshakeAllThreads done
Event: 0.968 Executing VM operation: HandshakeAllThreads
Event: 0.968 Executing VM operation: HandshakeAllThreads done
Event: 1.045 Executing VM operation: HandshakeAllThreads
Event: 1.045 Executing VM operation: HandshakeAllThreads done
Event: 1.046 Executing VM operation: HandshakeAllThreads
Event: 1.046 Executing VM operation: HandshakeAllThreads done

Events (16 events):
Event: 0.030 Thread 0x000001f690c9da40 Thread added: 0x000001f690c9da40
Event: 0.052 Thread 0x000001f6afe1d540 Thread added: 0x000001f6afe1d540
Event: 0.052 Thread 0x000001f6afe20020 Thread added: 0x000001f6afe20020
Event: 0.053 Thread 0x000001f6afe24a50 Thread added: 0x000001f6afe24a50
Event: 0.053 Thread 0x000001f6afe277b0 Thread added: 0x000001f6afe277b0
Event: 0.053 Thread 0x000001f6afe28280 Thread added: 0x000001f6afe28280
Event: 0.053 Thread 0x000001f6afe2c3b0 Thread added: 0x000001f6afe2c3b0
Event: 0.053 Thread 0x000001f6afe5a400 Thread added: 0x000001f6afe5a400
Event: 0.053 Thread 0x000001f6afe5bcb0 Thread added: 0x000001f6afe5bcb0
Event: 0.054 Thread 0x000001f6afe2c900 Thread added: 0x000001f6afe2c900
Event: 0.096 Thread 0x000001f6afe2ce50 Thread added: 0x000001f6afe2ce50
Event: 0.105 Thread 0x000001f6b4101500 Thread added: 0x000001f6b4101500
Event: 0.106 Thread 0x000001f6b4109a70 Thread added: 0x000001f6b4109a70
Event: 0.165 Thread 0x000001f6b425de00 Thread added: 0x000001f6b425de00
Event: 0.194 Thread 0x000001f6afe2d3a0 Thread added: 0x000001f6afe2d3a0
Event: 0.194 Thread 0x000001f6afe2ae70 Thread added: 0x000001f6afe2ae70


Dynamic libraries:
0x00007ff604370000 - 0x00007ff604380000 	C:\Program Files\Java\jdk-19\bin\java.exe
0x00007ff809470000 - 0x00007ff809684000 	C:\WINDOWS\SYSTEM32\ntdll.dll
0x00007ff807850000 - 0x00007ff807912000 	C:\WINDOWS\System32\KERNEL32.DLL
0x00007ff806cd0000 - 0x00007ff807073000 	C:\WINDOWS\System32\KERNELBASE.dll
0x00007ff807130000 - 0x00007ff807241000 	C:\WINDOWS\System32\ucrtbase.dll
0x00007ff8015d0000 - 0x00007ff8015e8000 	C:\Program Files\Java\jdk-19\bin\jli.dll
0x00007ff8015b0000 - 0x00007ff8015cb000 	C:\Program Files\Java\jdk-19\bin\VCRUNTIME140.dll
0x00007ff8073c0000 - 0x00007ff80746e000 	C:\WINDOWS\System32\ADVAPI32.dll
0x00007ff807250000 - 0x00007ff8072f7000 	C:\WINDOWS\System32\msvcrt.dll
0x00007ff8082a0000 - 0x00007ff808344000 	C:\WINDOWS\System32\sechost.dll
0x00007ff809310000 - 0x00007ff809427000 	C:\WINDOWS\System32\RPCRT4.dll
0x00007ff808bb0000 - 0x00007ff808d5a000 	C:\WINDOWS\System32\USER32.dll
0x00007ff807080000 - 0x00007ff8070a6000 	C:\WINDOWS\System32\win32u.dll
0x00007ff807940000 - 0x00007ff807969000 	C:\WINDOWS\System32\GDI32.dll
0x00007ff806870000 - 0x00007ff806989000 	C:\WINDOWS\System32\gdi32full.dll
0x00007ff806ac0000 - 0x00007ff806b5a000 	C:\WINDOWS\System32\msvcp_win.dll
0x00007fffe4640000 - 0x00007fffe48ce000 	C:\WINDOWS\WinSxS\amd64_microsoft.windows.common-controls_6595b64144ccf1df_6.0.22621.1635_none_270f70857386168e\COMCTL32.dll
0x00007ffffe560000 - 0x00007ffffe56a000 	C:\WINDOWS\SYSTEM32\VERSION.dll
0x00007ff807470000 - 0x00007ff8074a1000 	C:\WINDOWS\System32\IMM32.DLL
0x00007ff8015a0000 - 0x00007ff8015ac000 	C:\Program Files\Java\jdk-19\bin\vcruntime140_1.dll
0x00007ff801510000 - 0x00007ff80159e000 	C:\Program Files\Java\jdk-19\bin\msvcp140.dll
0x00007fffac290000 - 0x00007fffacf50000 	C:\Program Files\Java\jdk-19\bin\server\jvm.dll
0x00007ffffe0f0000 - 0x00007ffffe124000 	C:\WINDOWS\SYSTEM32\WINMM.dll
0x00007fffe48d0000 - 0x00007fffe48d9000 	C:\WINDOWS\SYSTEM32\WSOCK32.dll
0x00007ff807f60000 - 0x00007ff807fd1000 	C:\WINDOWS\System32\WS2_32.dll
0x00007ff8059a0000 - 0x00007ff8059b8000 	C:\WINDOWS\SYSTEM32\kernel.appcore.dll
0x00007ff801500000 - 0x00007ff80150a000 	C:\Program Files\Java\jdk-19\bin\jimage.dll
0x00007ff803c20000 - 0x00007ff803e4e000 	C:\WINDOWS\SYSTEM32\DBGHELP.DLL
0x00007ff807bd0000 - 0x00007ff807f59000 	C:\WINDOWS\System32\combase.dll
0x00007ff807a70000 - 0x00007ff807b47000 	C:\WINDOWS\System32\OLEAUT32.dll
0x00007ffffd200000 - 0x00007ffffd232000 	C:\WINDOWS\SYSTEM32\dbgcore.DLL
0x00007ff8070b0000 - 0x00007ff80712a000 	C:\WINDOWS\System32\bcryptPrimitives.dll
0x00007ff8014f0000 - 0x00007ff8014fe000 	C:\Program Files\Java\jdk-19\bin\instrument.dll
0x00007ff8014c0000 - 0x00007ff8014e6000 	C:\Program Files\Java\jdk-19\bin\java.dll
0x00007fffefa60000 - 0x00007fffefb37000 	C:\Program Files\Java\jdk-19\bin\jsvml.dll
0x00007ff8083b0000 - 0x00007ff808ba9000 	C:\WINDOWS\System32\SHELL32.dll
0x00007ff804830000 - 0x00007ff8050fe000 	C:\WINDOWS\SYSTEM32\windows.storage.dll
0x00007ff8046f0000 - 0x00007ff80482e000 	C:\WINDOWS\SYSTEM32\wintypes.dll
0x00007ff807970000 - 0x00007ff807a61000 	C:\WINDOWS\System32\SHCORE.dll
0x00007ff807520000 - 0x00007ff80757e000 	C:\WINDOWS\System32\shlwapi.dll
0x00007ff8067a0000 - 0x00007ff8067c6000 	C:\WINDOWS\SYSTEM32\profapi.dll
0x00007ff8014a0000 - 0x00007ff8014b8000 	C:\Program Files\Java\jdk-19\bin\zip.dll
0x00007ff8006a0000 - 0x00007ff8006b3000 	C:\Program Files\Java\jdk-19\bin\net.dll
0x00007ff800e20000 - 0x00007ff800f57000 	C:\WINDOWS\SYSTEM32\WINHTTP.dll
0x00007ff805e20000 - 0x00007ff805e89000 	C:\WINDOWS\system32\mswsock.dll
0x00007ff800170000 - 0x00007ff800186000 	C:\Program Files\Java\jdk-19\bin\nio.dll
0x00007fffefa40000 - 0x00007fffefa5a000 	C:\Program Files\JetBrains\IntelliJ IDEA Community Edition 2022.2.2\bin\breakgen64.dll
0x00007ff801490000 - 0x00007ff801498000 	C:\Program Files\Java\jdk-19\bin\extnet.dll
0x00007ff800690000 - 0x00007ff8006a0000 	C:\Program Files\Java\jdk-19\bin\verify.dll

dbghelp: loaded successfully - version: 4.0.5 - missing functions: none
symbol engine: initialized successfully - sym options: 0x614 - pdb path: .;C:\Program Files\Java\jdk-19\bin;C:\WINDOWS\SYSTEM32;C:\WINDOWS\WinSxS\amd64_microsoft.windows.common-controls_6595b64144ccf1df_6.0.22621.1635_none_270f70857386168e;C:\Program Files\Java\jdk-19\bin\server;C:\Program Files\JetBrains\IntelliJ IDEA Community Edition 2022.2.2\bin

VM Arguments:
jvm_args: -javaagent:C:\Program Files\JetBrains\IntelliJ IDEA Community Edition 2022.2.2\lib\idea_rt.jar=56130:C:\Program Files\JetBrains\IntelliJ IDEA Community Edition 2022.2.2\bin -Dfile.encoding=UTF-8 -Dsun.stdout.encoding=UTF-8 -Dsun.stderr.encoding=UTF-8 
java_command: test.Main
java_class_path (initial): C:\Users\91702\Downloads\Sending6\out\production\ORM;C:\Users\91702\Downloads\Hibernate & PostgreSQL\txw2-2.3.1.jar;C:\Users\91702\Downloads\Hibernate & PostgreSQL\antlr-2.7.7.jar;C:\Users\91702\Downloads\Hibernate & PostgreSQL\dom4j-2.1.3.jar;C:\Users\91702\Downloads\Hibernate & PostgreSQL\stax-ex-1.8.jar;C:\Users\91702\Downloads\Hibernate & PostgreSQL\jaxb-api-2.3.1.jar;C:\Users\91702\Downloads\Hibernate & PostgreSQL\classmate-1.5.1.jar;C:\Users\91702\Downloads\Hibernate & PostgreSQL\jts-core-1.18.2.jar;C:\Users\91702\Downloads\Hibernate & PostgreSQL\slf4j-api-1.6.1.jar;C:\Users\91702\Downloads\Hibernate & PostgreSQL\byte-buddy-1.12.7.jar;C:\Users\91702\Downloads\Hibernate & PostgreSQL\checker-qual-3.5.0.jar;C:\Users\91702\Downloads\Hibernate & PostgreSQL\FastInfoset-1.2.15.jar;C:\Users\91702\Downloads\Hibernate & PostgreSQL\jandex-2.4.2.Final.jar;C:\Users\91702\Downloads\Hibernate & PostgreSQL\jaxb-runtime-2.3.1.jar;C:\Users\91702\Downloads\Hibernate & PostgreSQL\postgresql-42.2.16.jar;C:\Users\91702\Downloads\Hibernate & PostgreSQL\geolatte-geom-1.8.2.jar;C:\Users\91702\Downloads\Hibernate & PostgreSQL\org.osgi.core-6.0.0.jar;C:\Users\91702\Downloads\Hibernate & PostgreSQL\javax.interceptor-api-1.2.jar;C:\Users\91702\Downloads\Hibernate & PostgreSQL\javax.persistence-api-2.2.jar;C:\Users\91702\Downloads\Hibernate & PostgreSQL\jboss-logging-3.4.3.Final.jar;C:\Users\91702\Downloads\Hibernate & PostgreSQL\org.osgi.compendium-5.0.0.jar;C:\Users\91702\Downloads\Hibernate & PostgreSQL\hibernate-core-5.6.5.Final.jar;C:\Users\91702\Downloads\Hibernate & PostgreSQL\hibernate-osgi-5.6.5.Final.jar;C:\Users\91702\Downloads\Hibernate & PostgreSQL\javax.activation-api-1.2.0.jar;C:\Users\91702\Downloads\Hibernate & PostgreSQL\hibernate-envers-5.6.5.Final.jar;C:\Users\91702\Downloads\Hibernate & PostgreSQL\istack-commons-runtime-3.0.7.jar;C:\Users\91702\Downloads\Hibernate & PostgreSQL\hibernate-spatial-5.6.5.Final.jar;C:\Users\91702\Downloads\Hibernate & PostgreSQL\hibernate-jpamodelgen-5.6.5.Final.jar;C:\Users\91702\Downloads\Hibernate & PostgreSQL\hibernate-commons-annotations-5.1.2.Final.jar;C:\Users\91702\Downloads\Hibernate & PostgreSQL\jboss-transaction-api_1.2_spec-1.1.1.Final.jar
Launcher Type: SUN_STANDARD

[Global flags]
     intx CICompilerCount                          = 12                                        {product} {ergonomic}
     uint ConcGCThreads                            = 3                                         {product} {ergonomic}
     uint G1ConcRefinementThreads                  = 13                                        {product} {ergonomic}
   size_t G1HeapRegionSize                         = 1048576                                   {product} {ergonomic}
    uintx GCDrainStackTargetSize                   = 64                                        {product} {ergonomic}
   size_t InitialHeapSize                          = 130023424                                 {product} {ergonomic}
   size_t MarkStackSize                            = 4194304                                   {product} {ergonomic}
   size_t MaxHeapSize                              = 2071986176                                {product} {ergonomic}
   size_t MaxNewSize                               = 1242562560                                {product} {ergonomic}
   size_t MinHeapDeltaBytes                        = 1048576                                   {product} {ergonomic}
   size_t MinHeapSize                              = 8388608                                   {product} {ergonomic}
    uintx NonNMethodCodeHeapSize                   = 7602480                                {pd product} {ergonomic}
    uintx NonProfiledCodeHeapSize                  = 122027880                              {pd product} {ergonomic}
    uintx ProfiledCodeHeapSize                     = 122027880                              {pd product} {ergonomic}
    uintx ReservedCodeCacheSize                    = 251658240                              {pd product} {ergonomic}
     bool SegmentedCodeCache                       = true                                      {product} {ergonomic}
   size_t SoftMaxHeapSize                          = 2071986176                             {manageable} {ergonomic}
     bool UseCompressedClassPointers               = true                           {product lp64_product} {ergonomic}
     bool UseCompressedOops                        = true                           {product lp64_product} {ergonomic}
     bool UseG1GC                                  = true                                      {product} {ergonomic}
     bool UseLargePagesIndividualAllocation        = false                                  {pd product} {ergonomic}

Logging:
Log output configuration:
 #0: stdout all=warning uptime,level,tags foldmultilines=false
 #1: stderr all=off uptime,level,tags foldmultilines=false

Environment Variables:
CLASSPATH=C:\mysql-connector-java-5.1.5-bin.jar;,;
PATH=C:\Users\91702\AppData\Local\Programs\Python\Python311\Scripts\;C:\Users\91702\AppData\Local\Programs\Python\Python311\;C:\Program Files\Common Files\Oracle\Java\javapath;C:\Windows\system32;C:\Windows;C:\Windows\System32\Wbem;C:\Windows\System32\WindowsPowerShell\v1.0\;C:\Windows\System32\OpenSSH\;C:\Program Files (x86)\NVIDIA Corporation\PhysX\Common;C:\Program Files\NVIDIA Corporation\NVIDIA NvDLISR;C:\Program Files\Java\jdk-19\bin;C:\MinGW\bin;C:\WINDOWS\system32;C:\WINDOWS;C:\WINDOWS\System32\Wbem;C:\WINDOWS\System32\WindowsPowerShell\v1.0\;C:\WINDOWS\System32\OpenSSH\;C:\Program Files (x86)\nodejs\;C:\ProgramData\chocolatey\bin;C:\Program Files\MySQL\MySQL Server 5.5\bin;C:\Program Files\MongoDB\Server\6.0\bin;C:\Users\91702\AppData\Local\Microsoft\WindowsApps;;C:\Program Files\JetBrains\IntelliJ IDEA Community Edition 2022.2.2\bin;;C:\Program Files\JetBrains\PyCharm Community Edition 2022.3.2\bin;;C:\Users\91702\AppData\Roaming\npm;C:\Users\91702\AppData\Local\Programs\Microsoft VS Code\bin
USERNAME=91702
OS=Windows_NT
PROCESSOR_IDENTIFIER=Intel64 Family 6 Model 154 Stepping 3, GenuineIntel
TMP=C:\Users\91702\AppData\Local\Temp
TEMP=C:\Users\91702\AppData\Local\Temp



---------------  S Y S T E M  ---------------

OS:
 Windows 11 , 64 bit Build 22621 (10.0.22621.1928)
OS uptime: 0 days 0:19 hours
Hyper-V role detected

CPU: total 16 (initial active 16) (8 cores per cpu, 2 threads per core) family 6 model 154 stepping 3 microcode 0x419, cx8, cmov, fxsr, ht, mmx, 3dnowpref, sse, sse2, sse3, ssse3, sse4.1, sse4.2, popcnt, lzcnt, tsc, tscinvbit, avx, avx2, aes, erms, clmul, bmi1, bmi2, adx, sha, fma, vzeroupper, clflush, clflushopt, clwb, hv, serialize, rdtscp, rdpid, fsrm

Memory: 4k page, system-wide physical 7896M (1374M free)
TotalPageFile size 9047M (AvailPageFile size 4M)
current process WorkingSet (physical memory assigned to process): 88M, peak: 88M
current process commit charge ("private bytes"): 241M, peak: 241M

vm_info: Java HotSpot(TM) 64-Bit Server VM (19+36-2238) for windows-amd64 JRE (19+36-2238), built on 2022-08-12T20:29:01Z by "mach5one" with MS VC++ 17.1 (VS2022)

END.
