#
# There is insufficient memory for the Java Runtime Environment to continue.
# Native memory allocation (mmap) failed to map 65536 bytes for Failed to commit metaspace.
# Possible reasons:
#   The system is out of physical RAM or swap space
#   The process is running with CompressedOops enabled, and the Java Heap may be blocking the growth of the native heap
# Possible solutions:
#   Reduce memory load on the system
#   Increase physical memory or swap space
#   Check if swap backing store is full
#   Decrease Java heap size (-Xmx/-Xms)
#   Decrease number of Java threads
#   Decrease Java thread stack sizes (-Xss)
#   Set larger code cache with -XX:ReservedCodeCacheSize=
#   JVM is running with Unscaled Compressed Oops mode in which the Java heap is
#     placed in the first 4GB address space. The Java Heap base address is the
#     maximum limit for the native heap growth. Please use -XX:HeapBaseMinAddress
#     to set the Java Heap base and to place the Java Heap above 4GB virtual address.
# This output file may be truncated or incomplete.
#
#  Out of Memory Error (virtualSpaceNode.cpp:110), pid=12236, tid=10320
#
# JRE version: Java(TM) SE Runtime Environment (19.0+36) (build 19+36-2238)
# Java VM: Java HotSpot(TM) 64-Bit Server VM (19+36-2238, mixed mode, sharing, tiered, compressed oops, compressed class ptrs, g1 gc, windows-amd64)
# No core dump will be written. Minidumps are not enabled by default on client versions of Windows
#

---------------  S U M M A R Y ------------

Command Line: -javaagent:C:\Program Files\JetBrains\IntelliJ IDEA Community Edition 2022.2.2\lib\idea_rt.jar=57748:C:\Program Files\JetBrains\IntelliJ IDEA Community Edition 2022.2.2\bin -Dfile.encoding=UTF-8 -Dsun.stdout.encoding=UTF-8 -Dsun.stderr.encoding=UTF-8 test.Main

Host: 12th Gen Intel(R) Core(TM) i5-1240P, 16 cores, 7G,  Windows 11 , 64 bit Build 22621 (10.0.22621.1928)
Time: Sat Jul  8 12:38:09 2023 India Standard Time elapsed time: 2.166884 seconds (0d 0h 0m 2s)

---------------  T H R E A D  ---------------

Current thread (0x000002557bb7d930):  JavaThread "main" [_thread_in_vm, id=10320, stack(0x000000e565f00000,0x000000e566000000)]

Stack: [0x000000e565f00000,0x000000e566000000]
Native frames: (J=compiled Java code, j=interpreted, Vv=VM code, C=native code)
V  [jvm.dll+0x6ee8fa]
V  [jvm.dll+0x857a1e]
V  [jvm.dll+0x85940e]
V  [jvm.dll+0x859ac3]
V  [jvm.dll+0x28291f]
V  [jvm.dll+0x85369b]
V  [jvm.dll+0x693276]
V  [jvm.dll+0x6932da]
V  [jvm.dll+0x695bd3]
V  [jvm.dll+0x695a9e]
V  [jvm.dll+0x693c9e]
V  [jvm.dll+0x6a52a9]
V  [jvm.dll+0x69e5f4]
V  [jvm.dll+0x3dac31]
C  0x000002550f2fe8c1

Java frames: (J=compiled Java code, j=interpreted, Vv=VM code)
j  java.util.concurrent.CompletableFuture.<clinit>()V+0 java.base@19
v  ~StubRoutines::call_stub 0x000002550f2e100e
j  org.hibernate.event.service.internal.EventListenerGroupImpl.<clinit>()V+18
v  ~StubRoutines::call_stub 0x000002550f2e100e
j  org.hibernate.event.service.internal.EventListenerRegistryImpl$Builder.lambda$prepareListeners$0(Lorg/hibernate/event/spi/EventType;Lorg/hibernate/event/spi/EventType;)Lorg/hibernate/event/service/internal/EventListenerGroupImpl;+38
j  org.hibernate.event.service.internal.EventListenerRegistryImpl$Builder$$Lambda$131+0x000000080128eb00.apply(Ljava/lang/Object;)Ljava/lang/Object;+12
j  org.hibernate.event.service.internal.EventListenerRegistryImpl$Builder.prepareListeners(Lorg/hibernate/event/spi/EventType;Ljava/lang/Object;Ljava/util/function/Function;)V+2
j  org.hibernate.event.service.internal.EventListenerRegistryImpl$Builder.prepareListeners(Lorg/hibernate/event/spi/EventType;Ljava/lang/Object;)V+10
j  org.hibernate.event.service.internal.EventListenerRegistryImpl$Builder.applyStandardListeners()V+11
j  org.hibernate.event.service.internal.EventListenerRegistryImpl$Builder.<init>(Lorg/hibernate/jpa/event/internal/CallbackRegistryImplementor;Z)V+34
j  org.hibernate.event.spi.EventEngine.<init>(Lorg/hibernate/boot/spi/MetadataImplementor;Lorg/hibernate/engine/spi/SessionFactoryImplementor;)V+48
j  org.hibernate.internal.SessionFactoryImpl.<init>(Lorg/hibernate/boot/spi/MetadataImplementor;Lorg/hibernate/boot/spi/SessionFactoryOptions;Lorg/hibernate/engine/query/spi/QueryPlanCache$QueryPlanCreator;)V+84
j  org.hibernate.boot.internal.SessionFactoryBuilderImpl.build()Lorg/hibernate/SessionFactory;+64
j  org.hibernate.cfg.Configuration.buildSessionFactory(Lorg/hibernate/service/ServiceRegistry;)Lorg/hibernate/SessionFactory;+486
j  org.hibernate.cfg.Configuration.buildSessionFactory()Lorg/hibernate/SessionFactory;+32
j  test.Main.main([Ljava/lang/String;)V+16
v  ~StubRoutines::call_stub 0x000002550f2e100e

---------------  P R O C E S S  ---------------

Threads class SMR info:
_java_thread_list=0x000002551fda34e0, length=19, elements={
0x000002557bb7d930, 0x000002557ff8c430, 0x000002557ff8ef10, 0x000002557ff919f0,
0x000002557ff92320, 0x000002557ff92c50, 0x000002557ff93580, 0x000002557ff941e0,
0x000002557ff967e0, 0x000002557ff9a910, 0x000002557ff5e800, 0x000002551f0cd880,
0x000002551f251900, 0x000002551f3b1180, 0x000002551f3b16c0, 0x000002551fe168d0,
0x000002551ff42660, 0x000002551fe08c80, 0x000002551fda3870
}

Java Threads: ( => current thread )
=>0x000002557bb7d930 JavaThread "main" [_thread_in_vm, id=10320, stack(0x000000e565f00000,0x000000e566000000)]
  0x000002557ff8c430 JavaThread "Reference Handler" daemon [_thread_blocked, id=11636, stack(0x000000e566600000,0x000000e566700000)]
  0x000002557ff8ef10 JavaThread "Finalizer" daemon [_thread_blocked, id=4952, stack(0x000000e566700000,0x000000e566800000)]
  0x000002557ff919f0 JavaThread "Signal Dispatcher" daemon [_thread_blocked, id=7516, stack(0x000000e566800000,0x000000e566900000)]
  0x000002557ff92320 JavaThread "Attach Listener" daemon [_thread_blocked, id=6196, stack(0x000000e566900000,0x000000e566a00000)]
  0x000002557ff92c50 JavaThread "Service Thread" daemon [_thread_blocked, id=13008, stack(0x000000e566a00000,0x000000e566b00000)]
  0x000002557ff93580 JavaThread "Monitor Deflation Thread" daemon [_thread_blocked, id=11900, stack(0x000000e566b00000,0x000000e566c00000)]
  0x000002557ff941e0 JavaThread "C2 CompilerThread0" daemon [_thread_in_native, id=9652, stack(0x000000e566c00000,0x000000e566d00000)]
  0x000002557ff967e0 JavaThread "C1 CompilerThread0" daemon [_thread_blocked, id=12460, stack(0x000000e566d00000,0x000000e566e00000)]
  0x000002557ff9a910 JavaThread "Sweeper thread" daemon [_thread_blocked, id=4528, stack(0x000000e566e00000,0x000000e566f00000)]
  0x000002557ff5e800 JavaThread "Common-Cleaner" daemon [_thread_blocked, id=8904, stack(0x000000e566f00000,0x000000e567000000)]
  0x000002551f0cd880 JavaThread "C1 CompilerThread1" daemon [_thread_blocked, id=11224, stack(0x000000e567000000,0x000000e567100000)]
  0x000002551f251900 JavaThread "C2 CompilerThread1" daemon [_thread_blocked, id=4508, stack(0x000000e567100000,0x000000e567200000)]
  0x000002551f3b1180 JavaThread "Monitor Ctrl-Break" daemon [_thread_in_native, id=6176, stack(0x000000e567200000,0x000000e567300000)]
  0x000002551f3b16c0 JavaThread "Notification Thread" daemon [_thread_blocked, id=1264, stack(0x000000e567300000,0x000000e567400000)]
  0x000002551fe168d0 JavaThread "C1 CompilerThread2" daemon [_thread_blocked, id=3264, stack(0x000000e568000000,0x000000e568100000)]
  0x000002551ff42660 JavaThread "C1 CompilerThread3" daemon [_thread_blocked, id=10264, stack(0x000000e568100000,0x000000e568200000)]
  0x000002551fe08c80 JavaThread "C2 CompilerThread2" daemon [_thread_in_native, id=2988, stack(0x000000e568200000,0x000000e568300000)]
  0x000002551fda3870 JavaThread "Hibernate Connection Pool Validation Thread" daemon [_thread_blocked, id=12360, stack(0x000000e568300000,0x000000e568400000)]

Other Threads:
  0x000002557ff72390 VMThread "VM Thread" [stack: 0x000000e566500000,0x000000e566600000] [id=4072]
  0x000002551f3b2080 WatcherThread "VM Periodic Task Thread" [stack: 0x000000e567400000,0x000000e567500000] [id=9508]
  0x000002557bbddff0 WorkerThread "GC Thread#0" [stack: 0x000000e566000000,0x000000e566100000] [id=11448]
  0x000002551f322860 WorkerThread "GC Thread#1" [stack: 0x000000e567500000,0x000000e567600000] [id=3368]
  0x000002551f322590 WorkerThread "GC Thread#2" [stack: 0x000000e567600000,0x000000e567700000] [id=2432]
  0x000002551f3214b0 WorkerThread "GC Thread#3" [stack: 0x000000e567700000,0x000000e567800000] [id=6664]
  0x000002551f322b30 WorkerThread "GC Thread#4" [stack: 0x000000e567800000,0x000000e567900000] [id=8884]
  0x000002551f322e00 WorkerThread "GC Thread#5" [stack: 0x000000e567900000,0x000000e567a00000] [id=5440]
  0x000002551f321d20 WorkerThread "GC Thread#6" [stack: 0x000000e567a00000,0x000000e567b00000] [id=8312]
  0x000002551f321a50 WorkerThread "GC Thread#7" [stack: 0x000000e567b00000,0x000000e567c00000] [id=5512]
  0x000002551f321780 WorkerThread "GC Thread#8" [stack: 0x000000e567c00000,0x000000e567d00000] [id=4340]
  0x000002551fcb5830 WorkerThread "GC Thread#9" [stack: 0x000000e567d00000,0x000000e567e00000] [id=7484]
  0x000002551fcb2b30 WorkerThread "GC Thread#10" [stack: 0x000000e567e00000,0x000000e567f00000] [id=4620]
  0x000002557bbee650 ConcurrentGCThread "G1 Main Marker" [stack: 0x000000e566100000,0x000000e566200000] [id=9244]
  0x000002557bbef380 WorkerThread "G1 Conc#0" [stack: 0x000000e566200000,0x000000e566300000] [id=10764]
  0x000002557bc3e070 ConcurrentGCThread "G1 Refine#0" [stack: 0x000000e566300000,0x000000e566400000] [id=4192]
  0x000002557bc3ea50 ConcurrentGCThread "G1 Service" [stack: 0x000000e566400000,0x000000e566500000] [id=10540]

Threads with active compile tasks:
C2 CompilerThread0     2182 1917   !   4       jdk.internal.loader.BuiltinClassLoader::loadClassOrNull (143 bytes)
C2 CompilerThread2     2182 1926       4       jdk.internal.org.objectweb.asm.SymbolTable::addConstantUtf8Reference (101 bytes)

VM state: not at safepoint (normal execution)

VM Mutex/Monitor currently owned by a thread:  ([mutex/lock_event])
[0x000002557bb77b70] Metaspace_lock - owner thread: 0x000002557bb7d930

Heap address: 0x0000000084800000, size: 1976 MB, Compressed Oops mode: 32-bit

CDS archive(s) mapped at: [0x0000000800000000-0x0000000800c40000-0x0000000800c40000), size 12845056, SharedBaseAddress: 0x0000000800000000, ArchiveRelocationMode: 0.
Compressed class space mapped at: 0x0000000801000000-0x0000000841000000, reserved size: 1073741824
Narrow klass base: 0x0000000800000000, Narrow klass shift: 0, Narrow klass range: 0x100000000

GC Precious Log:
 CardTable entry size: 512
 Card Set container configuration: InlinePtr #cards 5 size 8 Array Of Cards #cards 12 size 40 Howl #buckets 4 coarsen threshold 1843 Howl Bitmap #cards 512 size 80 coarsen threshold 460 Card regions per heap region 1 cards per card region 2048
 CPUs: 16 total, 16 available
 Memory: 7896M
 Large Page Support: Disabled
 NUMA Support: Disabled
 Compressed Oops: Enabled (32-bit)
 Heap Region Size: 1M
 Heap Min Capacity: 8M
 Heap Initial Capacity: 124M
 Heap Max Capacity: 1976M
 Pre-touch: Disabled
 Parallel Workers: 13
 Concurrent Workers: 3
 Concurrent Refinement Workers: 13
 Periodic GC: Disabled

Heap:
 garbage-first heap   total 126976K, used 36100K [0x0000000084800000, 0x0000000100000000)
  region size 1024K, 34 young (34816K), 3 survivors (3072K)
 Metaspace       used 20400K, committed 20544K, reserved 1114112K
  class space    used 2550K, committed 2624K, reserved 1048576K

Heap Regions: E=young(eden), S=young(survivor), O=old, HS=humongous(starts), HC=humongous(continues), CS=collection set, F=free, OA=open archive, CA=closed archive, TAMS=top-at-mark-start (previous, next)
|   0|0x0000000084800000, 0x0000000084900000, 0x0000000084900000|100%|HS|  |TAMS 0x0000000084800000, 0x0000000084800000| Complete 
|   1|0x0000000084900000, 0x0000000084a00000, 0x0000000084a00000|100%| O|  |TAMS 0x0000000084900000, 0x0000000084900000| Untracked 
|   2|0x0000000084a00000, 0x0000000084a41000, 0x0000000084b00000| 25%| O|  |TAMS 0x0000000084a00000, 0x0000000084a00000| Untracked 
|   3|0x0000000084b00000, 0x0000000084b00000, 0x0000000084c00000|  0%| F|  |TAMS 0x0000000084b00000, 0x0000000084b00000| Untracked 
|   4|0x0000000084c00000, 0x0000000084c00000, 0x0000000084d00000|  0%| F|  |TAMS 0x0000000084c00000, 0x0000000084c00000| Untracked 
|   5|0x0000000084d00000, 0x0000000084d00000, 0x0000000084e00000|  0%| F|  |TAMS 0x0000000084d00000, 0x0000000084d00000| Untracked 
|   6|0x0000000084e00000, 0x0000000084e00000, 0x0000000084f00000|  0%| F|  |TAMS 0x0000000084e00000, 0x0000000084e00000| Untracked 
|   7|0x0000000084f00000, 0x0000000084f00000, 0x0000000085000000|  0%| F|  |TAMS 0x0000000084f00000, 0x0000000084f00000| Untracked 
|   8|0x0000000085000000, 0x0000000085000000, 0x0000000085100000|  0%| F|  |TAMS 0x0000000085000000, 0x0000000085000000| Untracked 
|   9|0x0000000085100000, 0x0000000085100000, 0x0000000085200000|  0%| F|  |TAMS 0x0000000085100000, 0x0000000085100000| Untracked 
|  10|0x0000000085200000, 0x0000000085200000, 0x0000000085300000|  0%| F|  |TAMS 0x0000000085200000, 0x0000000085200000| Untracked 
|  11|0x0000000085300000, 0x0000000085300000, 0x0000000085400000|  0%| F|  |TAMS 0x0000000085300000, 0x0000000085300000| Untracked 
|  12|0x0000000085400000, 0x0000000085400000, 0x0000000085500000|  0%| F|  |TAMS 0x0000000085400000, 0x0000000085400000| Untracked 
|  13|0x0000000085500000, 0x0000000085500000, 0x0000000085600000|  0%| F|  |TAMS 0x0000000085500000, 0x0000000085500000| Untracked 
|  14|0x0000000085600000, 0x0000000085600000, 0x0000000085700000|  0%| F|  |TAMS 0x0000000085600000, 0x0000000085600000| Untracked 
|  15|0x0000000085700000, 0x0000000085700000, 0x0000000085800000|  0%| F|  |TAMS 0x0000000085700000, 0x0000000085700000| Untracked 
|  16|0x0000000085800000, 0x0000000085800000, 0x0000000085900000|  0%| F|  |TAMS 0x0000000085800000, 0x0000000085800000| Untracked 
|  17|0x0000000085900000, 0x0000000085900000, 0x0000000085a00000|  0%| F|  |TAMS 0x0000000085900000, 0x0000000085900000| Untracked 
|  18|0x0000000085a00000, 0x0000000085a00000, 0x0000000085b00000|  0%| F|  |TAMS 0x0000000085a00000, 0x0000000085a00000| Untracked 
|  19|0x0000000085b00000, 0x0000000085b00000, 0x0000000085c00000|  0%| F|  |TAMS 0x0000000085b00000, 0x0000000085b00000| Untracked 
|  20|0x0000000085c00000, 0x0000000085c00000, 0x0000000085d00000|  0%| F|  |TAMS 0x0000000085c00000, 0x0000000085c00000| Untracked 
|  21|0x0000000085d00000, 0x0000000085d00000, 0x0000000085e00000|  0%| F|  |TAMS 0x0000000085d00000, 0x0000000085d00000| Untracked 
|  22|0x0000000085e00000, 0x0000000085e00000, 0x0000000085f00000|  0%| F|  |TAMS 0x0000000085e00000, 0x0000000085e00000| Untracked 
|  23|0x0000000085f00000, 0x0000000085f00000, 0x0000000086000000|  0%| F|  |TAMS 0x0000000085f00000, 0x0000000085f00000| Untracked 
|  24|0x0000000086000000, 0x0000000086000000, 0x0000000086100000|  0%| F|  |TAMS 0x0000000086000000, 0x0000000086000000| Untracked 
|  25|0x0000000086100000, 0x0000000086100000, 0x0000000086200000|  0%| F|  |TAMS 0x0000000086100000, 0x0000000086100000| Untracked 
|  26|0x0000000086200000, 0x0000000086200000, 0x0000000086300000|  0%| F|  |TAMS 0x0000000086200000, 0x0000000086200000| Untracked 
|  27|0x0000000086300000, 0x0000000086300000, 0x0000000086400000|  0%| F|  |TAMS 0x0000000086300000, 0x0000000086300000| Untracked 
|  28|0x0000000086400000, 0x0000000086400000, 0x0000000086500000|  0%| F|  |TAMS 0x0000000086400000, 0x0000000086400000| Untracked 
|  29|0x0000000086500000, 0x0000000086500000, 0x0000000086600000|  0%| F|  |TAMS 0x0000000086500000, 0x0000000086500000| Untracked 
|  30|0x0000000086600000, 0x0000000086600000, 0x0000000086700000|  0%| F|  |TAMS 0x0000000086600000, 0x0000000086600000| Untracked 
|  31|0x0000000086700000, 0x0000000086700000, 0x0000000086800000|  0%| F|  |TAMS 0x0000000086700000, 0x0000000086700000| Untracked 
|  32|0x0000000086800000, 0x0000000086800000, 0x0000000086900000|  0%| F|  |TAMS 0x0000000086800000, 0x0000000086800000| Untracked 
|  33|0x0000000086900000, 0x0000000086900000, 0x0000000086a00000|  0%| F|  |TAMS 0x0000000086900000, 0x0000000086900000| Untracked 
|  34|0x0000000086a00000, 0x0000000086a00000, 0x0000000086b00000|  0%| F|  |TAMS 0x0000000086a00000, 0x0000000086a00000| Untracked 
|  35|0x0000000086b00000, 0x0000000086b00000, 0x0000000086c00000|  0%| F|  |TAMS 0x0000000086b00000, 0x0000000086b00000| Untracked 
|  36|0x0000000086c00000, 0x0000000086c00000, 0x0000000086d00000|  0%| F|  |TAMS 0x0000000086c00000, 0x0000000086c00000| Untracked 
|  37|0x0000000086d00000, 0x0000000086d00000, 0x0000000086e00000|  0%| F|  |TAMS 0x0000000086d00000, 0x0000000086d00000| Untracked 
|  38|0x0000000086e00000, 0x0000000086e00000, 0x0000000086f00000|  0%| F|  |TAMS 0x0000000086e00000, 0x0000000086e00000| Untracked 
|  39|0x0000000086f00000, 0x0000000086f00000, 0x0000000087000000|  0%| F|  |TAMS 0x0000000086f00000, 0x0000000086f00000| Untracked 
|  40|0x0000000087000000, 0x0000000087000000, 0x0000000087100000|  0%| F|  |TAMS 0x0000000087000000, 0x0000000087000000| Untracked 
|  41|0x0000000087100000, 0x0000000087100000, 0x0000000087200000|  0%| F|  |TAMS 0x0000000087100000, 0x0000000087100000| Untracked 
|  42|0x0000000087200000, 0x0000000087200000, 0x0000000087300000|  0%| F|  |TAMS 0x0000000087200000, 0x0000000087200000| Untracked 
|  43|0x0000000087300000, 0x0000000087300000, 0x0000000087400000|  0%| F|  |TAMS 0x0000000087300000, 0x0000000087300000| Untracked 
|  44|0x0000000087400000, 0x0000000087400000, 0x0000000087500000|  0%| F|  |TAMS 0x0000000087400000, 0x0000000087400000| Untracked 
|  45|0x0000000087500000, 0x0000000087500000, 0x0000000087600000|  0%| F|  |TAMS 0x0000000087500000, 0x0000000087500000| Untracked 
|  46|0x0000000087600000, 0x0000000087600000, 0x0000000087700000|  0%| F|  |TAMS 0x0000000087600000, 0x0000000087600000| Untracked 
|  47|0x0000000087700000, 0x0000000087700000, 0x0000000087800000|  0%| F|  |TAMS 0x0000000087700000, 0x0000000087700000| Untracked 
|  48|0x0000000087800000, 0x0000000087800000, 0x0000000087900000|  0%| F|  |TAMS 0x0000000087800000, 0x0000000087800000| Untracked 
|  49|0x0000000087900000, 0x0000000087900000, 0x0000000087a00000|  0%| F|  |TAMS 0x0000000087900000, 0x0000000087900000| Untracked 
|  50|0x0000000087a00000, 0x0000000087a00000, 0x0000000087b00000|  0%| F|  |TAMS 0x0000000087a00000, 0x0000000087a00000| Untracked 
|  51|0x0000000087b00000, 0x0000000087b00000, 0x0000000087c00000|  0%| F|  |TAMS 0x0000000087b00000, 0x0000000087b00000| Untracked 
|  52|0x0000000087c00000, 0x0000000087c00000, 0x0000000087d00000|  0%| F|  |TAMS 0x0000000087c00000, 0x0000000087c00000| Untracked 
|  53|0x0000000087d00000, 0x0000000087d00000, 0x0000000087e00000|  0%| F|  |TAMS 0x0000000087d00000, 0x0000000087d00000| Untracked 
|  54|0x0000000087e00000, 0x0000000087e00000, 0x0000000087f00000|  0%| F|  |TAMS 0x0000000087e00000, 0x0000000087e00000| Untracked 
|  55|0x0000000087f00000, 0x0000000087f00000, 0x0000000088000000|  0%| F|  |TAMS 0x0000000087f00000, 0x0000000087f00000| Untracked 
|  56|0x0000000088000000, 0x0000000088000000, 0x0000000088100000|  0%| F|  |TAMS 0x0000000088000000, 0x0000000088000000| Untracked 
|  57|0x0000000088100000, 0x0000000088100000, 0x0000000088200000|  0%| F|  |TAMS 0x0000000088100000, 0x0000000088100000| Untracked 
|  58|0x0000000088200000, 0x0000000088200000, 0x0000000088300000|  0%| F|  |TAMS 0x0000000088200000, 0x0000000088200000| Untracked 
|  59|0x0000000088300000, 0x0000000088300000, 0x0000000088400000|  0%| F|  |TAMS 0x0000000088300000, 0x0000000088300000| Untracked 
|  60|0x0000000088400000, 0x0000000088400000, 0x0000000088500000|  0%| F|  |TAMS 0x0000000088400000, 0x0000000088400000| Untracked 
|  61|0x0000000088500000, 0x0000000088500000, 0x0000000088600000|  0%| F|  |TAMS 0x0000000088500000, 0x0000000088500000| Untracked 
|  62|0x0000000088600000, 0x0000000088600000, 0x0000000088700000|  0%| F|  |TAMS 0x0000000088600000, 0x0000000088600000| Untracked 
|  63|0x0000000088700000, 0x0000000088700000, 0x0000000088800000|  0%| F|  |TAMS 0x0000000088700000, 0x0000000088700000| Untracked 
|  64|0x0000000088800000, 0x0000000088800000, 0x0000000088900000|  0%| F|  |TAMS 0x0000000088800000, 0x0000000088800000| Untracked 
|  65|0x0000000088900000, 0x0000000088900000, 0x0000000088a00000|  0%| F|  |TAMS 0x0000000088900000, 0x0000000088900000| Untracked 
|  66|0x0000000088a00000, 0x0000000088a00000, 0x0000000088b00000|  0%| F|  |TAMS 0x0000000088a00000, 0x0000000088a00000| Untracked 
|  67|0x0000000088b00000, 0x0000000088b00000, 0x0000000088c00000|  0%| F|  |TAMS 0x0000000088b00000, 0x0000000088b00000| Untracked 
|  68|0x0000000088c00000, 0x0000000088c00000, 0x0000000088d00000|  0%| F|  |TAMS 0x0000000088c00000, 0x0000000088c00000| Untracked 
|  69|0x0000000088d00000, 0x0000000088d00000, 0x0000000088e00000|  0%| F|  |TAMS 0x0000000088d00000, 0x0000000088d00000| Untracked 
|  70|0x0000000088e00000, 0x0000000088e00000, 0x0000000088f00000|  0%| F|  |TAMS 0x0000000088e00000, 0x0000000088e00000| Untracked 
|  71|0x0000000088f00000, 0x0000000088f00000, 0x0000000089000000|  0%| F|  |TAMS 0x0000000088f00000, 0x0000000088f00000| Untracked 
|  72|0x0000000089000000, 0x0000000089000000, 0x0000000089100000|  0%| F|  |TAMS 0x0000000089000000, 0x0000000089000000| Untracked 
|  73|0x0000000089100000, 0x0000000089100000, 0x0000000089200000|  0%| F|  |TAMS 0x0000000089100000, 0x0000000089100000| Untracked 
|  74|0x0000000089200000, 0x0000000089200000, 0x0000000089300000|  0%| F|  |TAMS 0x0000000089200000, 0x0000000089200000| Untracked 
|  75|0x0000000089300000, 0x0000000089300000, 0x0000000089400000|  0%| F|  |TAMS 0x0000000089300000, 0x0000000089300000| Untracked 
|  76|0x0000000089400000, 0x0000000089400000, 0x0000000089500000|  0%| F|  |TAMS 0x0000000089400000, 0x0000000089400000| Untracked 
|  77|0x0000000089500000, 0x0000000089500000, 0x0000000089600000|  0%| F|  |TAMS 0x0000000089500000, 0x0000000089500000| Untracked 
|  78|0x0000000089600000, 0x0000000089600000, 0x0000000089700000|  0%| F|  |TAMS 0x0000000089600000, 0x0000000089600000| Untracked 
|  79|0x0000000089700000, 0x0000000089700000, 0x0000000089800000|  0%| F|  |TAMS 0x0000000089700000, 0x0000000089700000| Untracked 
|  80|0x0000000089800000, 0x0000000089800000, 0x0000000089900000|  0%| F|  |TAMS 0x0000000089800000, 0x0000000089800000| Untracked 
|  81|0x0000000089900000, 0x0000000089900000, 0x0000000089a00000|  0%| F|  |TAMS 0x0000000089900000, 0x0000000089900000| Untracked 
|  82|0x0000000089a00000, 0x0000000089a00000, 0x0000000089b00000|  0%| F|  |TAMS 0x0000000089a00000, 0x0000000089a00000| Untracked 
|  83|0x0000000089b00000, 0x0000000089b00000, 0x0000000089c00000|  0%| F|  |TAMS 0x0000000089b00000, 0x0000000089b00000| Untracked 
|  84|0x0000000089c00000, 0x0000000089c00000, 0x0000000089d00000|  0%| F|  |TAMS 0x0000000089c00000, 0x0000000089c00000| Untracked 
|  85|0x0000000089d00000, 0x0000000089d00000, 0x0000000089e00000|  0%| F|  |TAMS 0x0000000089d00000, 0x0000000089d00000| Untracked 
|  86|0x0000000089e00000, 0x0000000089e00000, 0x0000000089f00000|  0%| F|  |TAMS 0x0000000089e00000, 0x0000000089e00000| Untracked 
|  87|0x0000000089f00000, 0x0000000089f00000, 0x000000008a000000|  0%| F|  |TAMS 0x0000000089f00000, 0x0000000089f00000| Untracked 
|  88|0x000000008a000000, 0x000000008a000000, 0x000000008a100000|  0%| F|  |TAMS 0x000000008a000000, 0x000000008a000000| Untracked 
|  89|0x000000008a100000, 0x000000008a100000, 0x000000008a200000|  0%| F|  |TAMS 0x000000008a100000, 0x000000008a100000| Untracked 
|  90|0x000000008a200000, 0x000000008a262110, 0x000000008a300000| 38%| E|  |TAMS 0x000000008a200000, 0x000000008a200000| Complete 
|  91|0x000000008a300000, 0x000000008a400000, 0x000000008a400000|100%| E|CS|TAMS 0x000000008a300000, 0x000000008a300000| Complete 
|  92|0x000000008a400000, 0x000000008a500000, 0x000000008a500000|100%| E|CS|TAMS 0x000000008a400000, 0x000000008a400000| Complete 
|  93|0x000000008a500000, 0x000000008a600000, 0x000000008a600000|100%| E|CS|TAMS 0x000000008a500000, 0x000000008a500000| Complete 
|  94|0x000000008a600000, 0x000000008a700000, 0x000000008a700000|100%| E|CS|TAMS 0x000000008a600000, 0x000000008a600000| Complete 
|  95|0x000000008a700000, 0x000000008a800000, 0x000000008a800000|100%| E|CS|TAMS 0x000000008a700000, 0x000000008a700000| Complete 
|  96|0x000000008a800000, 0x000000008a900000, 0x000000008a900000|100%| E|CS|TAMS 0x000000008a800000, 0x000000008a800000| Complete 
|  97|0x000000008a900000, 0x000000008aa00000, 0x000000008aa00000|100%| E|CS|TAMS 0x000000008a900000, 0x000000008a900000| Complete 
|  98|0x000000008aa00000, 0x000000008ab00000, 0x000000008ab00000|100%| S|CS|TAMS 0x000000008aa00000, 0x000000008aa00000| Complete 
|  99|0x000000008ab00000, 0x000000008ac00000, 0x000000008ac00000|100%| S|CS|TAMS 0x000000008ab00000, 0x000000008ab00000| Complete 
| 100|0x000000008ac00000, 0x000000008ad00000, 0x000000008ad00000|100%| S|CS|TAMS 0x000000008ac00000, 0x000000008ac00000| Complete 
| 101|0x000000008ad00000, 0x000000008ae00000, 0x000000008ae00000|100%| E|CS|TAMS 0x000000008ad00000, 0x000000008ad00000| Complete 
| 102|0x000000008ae00000, 0x000000008af00000, 0x000000008af00000|100%| E|CS|TAMS 0x000000008ae00000, 0x000000008ae00000| Complete 
| 103|0x000000008af00000, 0x000000008b000000, 0x000000008b000000|100%| E|CS|TAMS 0x000000008af00000, 0x000000008af00000| Complete 
| 104|0x000000008b000000, 0x000000008b100000, 0x000000008b100000|100%| E|CS|TAMS 0x000000008b000000, 0x000000008b000000| Complete 
| 105|0x000000008b100000, 0x000000008b200000, 0x000000008b200000|100%| E|CS|TAMS 0x000000008b100000, 0x000000008b100000| Complete 
| 106|0x000000008b200000, 0x000000008b300000, 0x000000008b300000|100%| E|CS|TAMS 0x000000008b200000, 0x000000008b200000| Complete 
| 107|0x000000008b300000, 0x000000008b400000, 0x000000008b400000|100%| E|CS|TAMS 0x000000008b300000, 0x000000008b300000| Complete 
| 108|0x000000008b400000, 0x000000008b500000, 0x000000008b500000|100%| E|CS|TAMS 0x000000008b400000, 0x000000008b400000| Complete 
| 109|0x000000008b500000, 0x000000008b600000, 0x000000008b600000|100%| E|CS|TAMS 0x000000008b500000, 0x000000008b500000| Complete 
| 110|0x000000008b600000, 0x000000008b700000, 0x000000008b700000|100%| E|CS|TAMS 0x000000008b600000, 0x000000008b600000| Complete 
| 111|0x000000008b700000, 0x000000008b800000, 0x000000008b800000|100%| E|CS|TAMS 0x000000008b700000, 0x000000008b700000| Complete 
| 112|0x000000008b800000, 0x000000008b900000, 0x000000008b900000|100%| E|CS|TAMS 0x000000008b800000, 0x000000008b800000| Complete 
| 113|0x000000008b900000, 0x000000008ba00000, 0x000000008ba00000|100%| E|CS|TAMS 0x000000008b900000, 0x000000008b900000| Complete 
| 114|0x000000008ba00000, 0x000000008bb00000, 0x000000008bb00000|100%| E|CS|TAMS 0x000000008ba00000, 0x000000008ba00000| Complete 
| 115|0x000000008bb00000, 0x000000008bc00000, 0x000000008bc00000|100%| E|CS|TAMS 0x000000008bb00000, 0x000000008bb00000| Complete 
| 116|0x000000008bc00000, 0x000000008bd00000, 0x000000008bd00000|100%| E|CS|TAMS 0x000000008bc00000, 0x000000008bc00000| Complete 
| 117|0x000000008bd00000, 0x000000008be00000, 0x000000008be00000|100%| E|CS|TAMS 0x000000008bd00000, 0x000000008bd00000| Complete 
| 118|0x000000008be00000, 0x000000008bf00000, 0x000000008bf00000|100%| E|CS|TAMS 0x000000008be00000, 0x000000008be00000| Complete 
| 119|0x000000008bf00000, 0x000000008c000000, 0x000000008c000000|100%| E|CS|TAMS 0x000000008bf00000, 0x000000008bf00000| Complete 
| 120|0x000000008c000000, 0x000000008c100000, 0x000000008c100000|100%| E|CS|TAMS 0x000000008c000000, 0x000000008c000000| Complete 
| 121|0x000000008c100000, 0x000000008c200000, 0x000000008c200000|100%| E|CS|TAMS 0x000000008c100000, 0x000000008c100000| Complete 
| 122|0x000000008c200000, 0x000000008c300000, 0x000000008c300000|100%| E|CS|TAMS 0x000000008c200000, 0x000000008c200000| Complete 
| 123|0x000000008c300000, 0x000000008c400000, 0x000000008c400000|100%| E|CS|TAMS 0x000000008c300000, 0x000000008c300000| Complete 

Card table byte_map: [0x000002557c8a0000,0x000002557cc80000] _byte_map_base: 0x000002557c47c000

Marking Bits (Prev, Next): (CMBitMap*) 0x000002557bbde620, (CMBitMap*) 0x000002557bbde660
 Prev Bits: [0x000002557d060000, 0x000002557ef40000)
 Next Bits: [0x0000025516e90000, 0x0000025518d70000)

Polling page: 0x0000025579b10000

Metaspace:

Usage:
  Non-class:     17.43 MB used.
      Class:      2.49 MB used.
       Both:     19.92 MB used.

Virtual space:
  Non-class space:       64.00 MB reserved,      17.50 MB ( 27%) committed,  1 nodes.
      Class space:        1.00 GB reserved,       2.56 MB ( <1%) committed,  1 nodes.
             Both:        1.06 GB reserved,      20.06 MB (  2%) committed. 

Chunk freelists:
   Non-Class:  2.19 MB
       Class:  1.44 MB
        Both:  3.63 MB

MaxMetaspaceSize: unlimited
CompressedClassSpaceSize: 1.00 GB
Initial GC threshold: 21.00 MB
Current GC threshold: 21.00 MB
CDS: on
MetaspaceReclaimPolicy: balanced
 - commit_granule_bytes: 65536.
 - commit_granule_words: 8192.
 - virtual_space_node_default_size: 8388608.
 - enlarge_chunks_in_place: 1.
 - new_chunks_are_fully_committed: 0.
 - uncommit_free_chunks: 1.
 - use_allocation_guard: 0.


Internal statistics:

num_allocs_failed_limit: 0.
num_arena_births: 172.
num_arena_deaths: 0.
num_vsnodes_births: 2.
num_vsnodes_deaths: 0.
num_space_committed: 321.
num_space_uncommitted: 0.
num_chunks_returned_to_freelist: 0.
num_chunks_taken_from_freelist: 683.
num_chunk_merges: 0.
num_chunk_splits: 504.
num_chunks_enlarged: 410.
num_inconsistent_stats: 0.

CodeHeap 'non-profiled nmethods': size=119168Kb used=732Kb max_used=732Kb free=118435Kb
 bounds [0x000002550fa30000, 0x000002550fca0000, 0x0000025516e90000]
CodeHeap 'profiled nmethods': size=119104Kb used=3567Kb max_used=3567Kb free=115536Kb
 bounds [0x0000025507e90000, 0x0000025508210000, 0x000002550f2e0000]
CodeHeap 'non-nmethods': size=7488Kb used=3015Kb max_used=3031Kb free=4472Kb
 bounds [0x000002550f2e0000, 0x000002550f5e0000, 0x000002550fa30000]
 total_blobs=2473 nmethods=1913 adapters=467
 compilation: enabled
              stopped_count=0, restarted_count=0
 full_count=0

Compilation events (20 events):
Event: 2.142 Thread 0x000002557ff941e0 1914       4       java.lang.ClassLoader::getClassLoadingLock (35 bytes)
Event: 2.143 Thread 0x000002551fe08c80 1915       4       java.lang.StringLatin1::indexOf (25 bytes)
Event: 2.144 Thread 0x000002557ff941e0 nmethod 1914 0x000002550fae4290 code [0x000002550fae4420, 0x000002550fae4548]
Event: 2.144 Thread 0x000002551fe08c80 nmethod 1915 0x000002550fae4690 code [0x000002550fae4820, 0x000002550fae4a18]
Event: 2.144 Thread 0x000002557ff967e0 1916       3       java.util.logging.LogManager$LogNode::<init> (15 bytes)
Event: 2.144 Thread 0x000002557ff967e0 nmethod 1916 0x000002550820b110 code [0x000002550820b2c0, 0x000002550820b4d8]
Event: 2.145 Thread 0x000002557ff941e0 1917   !   4       jdk.internal.loader.BuiltinClassLoader::loadClassOrNull (143 bytes)
Event: 2.146 Thread 0x000002551fe08c80 1918       4       jdk.internal.loader.BuiltinClassLoader::findLoadedModule (33 bytes)
Event: 2.150 Thread 0x000002551f251900 1919       4       java.lang.StringLatin1::getChars (12 bytes)
Event: 2.150 Thread 0x000002551f251900 nmethod 1919 0x000002550fae4b10 code [0x000002550fae4ca0, 0x000002550fae4e18]
Event: 2.151 Thread 0x000002551f251900 1920       4       java.lang.String::getChars (54 bytes)
Event: 2.153 Thread 0x000002551f251900 nmethod 1920 0x000002550fae4f10 code [0x000002550fae50a0, 0x000002550fae53d8]
Event: 2.155 Thread 0x000002557ff967e0 1921       1       java.lang.invoke.DirectMethodHandle::isCrackable (5 bytes)
Event: 2.155 Thread 0x000002557ff967e0 nmethod 1921 0x000002550fae5690 code [0x000002550fae5820, 0x000002550fae58f8]
Event: 2.159 Thread 0x000002551f0cd880 1923       3       java.lang.invoke.LambdaForm::returnType (26 bytes)
Event: 2.160 Thread 0x000002551f0cd880 nmethod 1923 0x000002550820b590 code [0x000002550820b740, 0x000002550820b8f8]
Event: 2.160 Thread 0x000002551fe168d0 1924       3       jdk.internal.misc.Unsafe::ensureClassInitialized (18 bytes)
Event: 2.160 Thread 0x000002551fe168d0 nmethod 1924 0x000002550820ba10 code [0x000002550820bbc0, 0x000002550820bdf8]
Event: 2.161 Thread 0x000002551fe08c80 nmethod 1918 0x000002550fae6090 code [0x000002550fae6260, 0x000002550fae6ac8]
Event: 2.163 Thread 0x000002551fe08c80 1926       4       jdk.internal.org.objectweb.asm.SymbolTable::addConstantUtf8Reference (101 bytes)

GC Heap History (2 events):
Event: 1.037 GC heap before
{Heap before GC invocations=0 (full 0):
 garbage-first heap   total 126976K, used 24576K [0x0000000084800000, 0x0000000100000000)
  region size 1024K, 23 young (23552K), 0 survivors (0K)
 Metaspace       used 7675K, committed 7936K, reserved 1114112K
  class space    used 910K, committed 1024K, reserved 1048576K
}
Event: 1.047 GC heap after
{Heap after GC invocations=1 (full 0):
 garbage-first heap   total 126976K, used 5380K [0x0000000084800000, 0x0000000100000000)
  region size 1024K, 3 young (3072K), 3 survivors (3072K)
 Metaspace       used 7675K, committed 7936K, reserved 1114112K
  class space    used 910K, committed 1024K, reserved 1048576K
}

Dll operation events (13 events):
Event: 0.017 Loaded shared library C:\Program Files\Java\jdk-19\bin\java.dll
Event: 0.031 Loaded shared library C:\Program Files\Java\jdk-19\bin\jsvml.dll
Event: 0.140 Loaded shared library C:\Program Files\Java\jdk-19\bin\zip.dll
Event: 0.144 Loaded shared library C:\Program Files\Java\jdk-19\bin\instrument.dll
Event: 0.153 Loaded shared library C:\Program Files\Java\jdk-19\bin\net.dll
Event: 0.155 Loaded shared library C:\Program Files\Java\jdk-19\bin\nio.dll
Event: 0.158 Loaded shared library C:\Program Files\Java\jdk-19\bin\zip.dll
Event: 0.231 Loaded shared library C:\Program Files\JetBrains\IntelliJ IDEA Community Edition 2022.2.2\bin\breakgen64.dll
Event: 0.244 Loaded shared library C:\Program Files\Java\jdk-19\bin\extnet.dll
Event: 0.281 Loaded shared library C:\Program Files\Java\jdk-19\bin\jimage.dll
Event: 0.580 Loaded shared library C:\Program Files\Java\jdk-19\bin\verify.dll
Event: 1.568 Loaded shared library C:\Program Files\Java\jdk-19\bin\management.dll
Event: 1.572 Loaded shared library C:\Program Files\Java\jdk-19\bin\management_ext.dll

Deoptimization events (20 events):
Event: 2.050 Thread 0x000002557bb7d930 Uncommon trap: trap_request=0xffffffc6 fr.pc=0x000002550fac4b74 relative=0x00000000000008f4
Event: 2.050 Thread 0x000002557bb7d930 Uncommon trap: reason=bimorphic_or_optimized_type_check action=maybe_recompile pc=0x000002550fac4b74 method=sun.security.provider.DigestBase.engineUpdate([BII)V @ 115 c2
Event: 2.050 Thread 0x000002557bb7d930 DEOPT PACKING pc=0x000002550fac4b74 sp=0x000000e565ffed40
Event: 2.050 Thread 0x000002557bb7d930 DEOPT UNPACKING pc=0x000002550f346da3 sp=0x000000e565ffed28 mode 2
Event: 2.050 Thread 0x000002557bb7d930 Uncommon trap: trap_request=0xffffff45 fr.pc=0x000002550fabc294 relative=0x0000000000000074
Event: 2.050 Thread 0x000002557bb7d930 Uncommon trap: reason=unstable_if action=reinterpret pc=0x000002550fabc294 method=jdk.internal.misc.Unsafe.convEndian(ZI)I @ 4 c2
Event: 2.050 Thread 0x000002557bb7d930 DEOPT PACKING pc=0x000002550fabc294 sp=0x000000e565ffea10
Event: 2.050 Thread 0x000002557bb7d930 DEOPT UNPACKING pc=0x000002550f346da3 sp=0x000000e565ffe918 mode 2
Event: 2.050 Thread 0x000002557bb7d930 Uncommon trap: trap_request=0xffffff45 fr.pc=0x000002550fac22a8 relative=0x0000000000000088
Event: 2.050 Thread 0x000002557bb7d930 Uncommon trap: reason=unstable_if action=reinterpret pc=0x000002550fac22a8 method=jdk.internal.misc.Unsafe.convEndian(ZI)I @ 4 c2
Event: 2.050 Thread 0x000002557bb7d930 DEOPT PACKING pc=0x000002550fac22a8 sp=0x000000e565ffeb70
Event: 2.050 Thread 0x000002557bb7d930 DEOPT UNPACKING pc=0x000002550f346da3 sp=0x000000e565ffea60 mode 2
Event: 2.053 Thread 0x000002557bb7d930 DEOPT PACKING pc=0x00000255080ba334 sp=0x000000e565ffec70
Event: 2.053 Thread 0x000002557bb7d930 DEOPT UNPACKING pc=0x000002550f347543 sp=0x000000e565ffe0e0 mode 0
Event: 2.057 Thread 0x000002557bb7d930 DEOPT PACKING pc=0x00000255080ba334 sp=0x000000e565ffec00
Event: 2.057 Thread 0x000002557bb7d930 DEOPT UNPACKING pc=0x000002550f347543 sp=0x000000e565ffe070 mode 0
Event: 2.116 Thread 0x000002557bb7d930 Uncommon trap: trap_request=0xffffff45 fr.pc=0x000002550fac9c90 relative=0x0000000000000550
Event: 2.116 Thread 0x000002557bb7d930 Uncommon trap: reason=unstable_if action=reinterpret pc=0x000002550fac9c90 method=sun.security.provider.SHA2.implDigest([BI)V @ 21 c2
Event: 2.116 Thread 0x000002557bb7d930 DEOPT PACKING pc=0x000002550fac9c90 sp=0x000000e565ffeef0
Event: 2.116 Thread 0x000002557bb7d930 DEOPT UNPACKING pc=0x000002550f346da3 sp=0x000000e565ffee18 mode 2

Classes loaded (20 events):
Event: 2.072 Loading class jdk/internal/access/JavaBeansAccess done
Event: 2.072 Loading class java/beans/Introspector$1 done
Event: 2.079 Loading class java/io/StringWriter
Event: 2.079 Loading class java/io/StringWriter done
Event: 2.102 Loading class java/util/HashMap$EntrySpliterator
Event: 2.102 Loading class java/util/HashMap$EntrySpliterator done
Event: 2.108 Loading class java/io/StringReader
Event: 2.108 Loading class java/io/StringReader done
Event: 2.132 Loading class javax/naming/RefAddr
Event: 2.132 Loading class javax/naming/RefAddr done
Event: 2.132 Loading class javax/naming/StringRefAddr
Event: 2.132 Loading class javax/naming/StringRefAddr done
Event: 2.136 Loading class java/io/InvalidObjectException
Event: 2.136 Loading class java/io/ObjectStreamException
Event: 2.136 Loading class java/io/ObjectStreamException done
Event: 2.136 Loading class java/io/InvalidObjectException done
Event: 2.163 Loading class java/util/concurrent/CompletionStage
Event: 2.163 Loading class java/util/concurrent/CompletionStage done
Event: 2.164 Loading class java/util/concurrent/CompletableFuture
Event: 2.165 Loading class java/util/concurrent/CompletableFuture done

Classes unloaded (0 events):
No events

Classes redefined (0 events):
No events

Internal exceptions (20 events):
Event: 0.314 Thread 0x000002557bb7d930 Exception <a 'java/lang/NoSuchMethodError'{0x000000008bd34b58}: 'java.lang.ClassLoader java.lang.Class.getClassLoader(java.lang.Class)'> (0x000000008bd34b58) 
thrown [s\open\src\hotspot\share\interpreter\linkResolver.cpp, line 774]
Event: 0.315 Thread 0x000002557bb7d930 Exception <a 'java/lang/NoSuchMethodError'{0x000000008bd3cf28}: 'java.lang.Object java.lang.invoke.DirectMethodHandle$Holder.invokeStatic(java.lang.Object, java.lang.Object, int)'> (0x000000008bd3cf28) 
thrown [s\open\src\hotspot\share\interpreter\linkResolver.cpp, line 774]
Event: 0.318 Thread 0x000002557bb7d930 Exception <a 'java/lang/NoSuchMethodError'{0x000000008bd48d48}: 'void java.lang.invoke.DelegatingMethodHandle$Holder.delegate(java.lang.Object, java.lang.Object, int, java.lang.Object)'> (0x000000008bd48d48) 
thrown [s\open\src\hotspot\share\interpreter\linkResolver.cpp, line 774]
Event: 0.319 Thread 0x000002557bb7d930 Exception <a 'java/lang/NoSuchMethodError'{0x000000008bd4cd98}: 'int java.lang.invoke.DirectMethodHandle$Holder.invokeSpecial(java.lang.Object, java.lang.Object, java.lang.Object)'> (0x000000008bd4cd98) 
thrown [s\open\src\hotspot\share\interpreter\linkResolver.cpp, line 774]
Event: 0.448 Thread 0x000002557bb7d930 Exception <a 'java/lang/NoSuchMethodError'{0x000000008bc28c28}: 'java.lang.Object java.lang.invoke.DirectMethodHandle$Holder.invokeInterface(java.lang.Object, java.lang.Object)'> (0x000000008bc28c28) 
thrown [s\open\src\hotspot\share\interpreter\linkResolver.cpp, line 774]
Event: 0.786 Thread 0x000002557bb7d930 Exception <a 'java/lang/NoSuchMethodError'{0x000000008b46d7d8}: 'int java.lang.invoke.DirectMethodHandle$Holder.invokeVirtual(java.lang.Object, java.lang.Object)'> (0x000000008b46d7d8) 
thrown [s\open\src\hotspot\share\interpreter\linkResolver.cpp, line 774]
Event: 0.939 Thread 0x000002557bb7d930 Exception <a 'java/lang/NullPointerException'{0x000000008af9f858}> (0x000000008af9f858) 
thrown [s\open\src\hotspot\share\interpreter\linkResolver.cpp, line 1458]
Event: 0.966 Thread 0x000002557bb7d930 Implicit null exception at 0x000002550fa6a2d8 to 0x000002550fa6a36e
Event: 1.015 Thread 0x000002557ff92320 Exception <a 'java/lang/NoSuchMethodError'{0x000000008ad578d0}: 'java.lang.Object java.lang.invoke.Invokers$Holder.invokeExact_MT(java.lang.Object, java.lang.Object, java.lang.Object, java.lang.Object, java.lang.Object, java.lang.Object)'> (0x000000008ad578d0) 
thrown [s\open\src\hotspot\share\interpreter\linkResolver.cpp, line 774]
Event: 1.177 Thread 0x000002557bb7d930 Exception <a 'java/lang/ClassNotFoundException'{0x000000008bf52eb8}: com/sun/org/apache/xerces/internal/impl/xpath/regex/spi/messageProvider> (0x000000008bf52eb8) 
thrown [s\open\src\hotspot\share\classfile\systemDictionary.cpp, line 255]
Event: 1.224 Thread 0x000002557bb7d930 Exception <a 'java/lang/NoSuchMethodError'{0x000000008bfe0c90}: 'void java.lang.invoke.Invokers$Holder.invokeExact_MT(java.lang.Object, java.lang.Object, java.lang.Object, java.lang.Object)'> (0x000000008bfe0c90) 
thrown [s\open\src\hotspot\share\interpreter\linkResolver.cpp, line 774]
Event: 1.320 Thread 0x000002557bb7d930 Exception <a 'java/lang/NoSuchMethodError'{0x000000008bcba9c8}: 'java.lang.Object java.lang.invoke.DirectMethodHandle$Holder.invokeStaticInit(java.lang.Object, int, int, int, int)'> (0x000000008bcba9c8) 
thrown [s\open\src\hotspot\share\interpreter\linkResolver.cpp, line 774]
Event: 1.380 Thread 0x000002557bb7d930 Exception <a 'java/lang/NoSuchMethodError'{0x000000008bb218c0}: 'java.lang.Object java.lang.invoke.DirectMethodHandle$Holder.invokeStaticInit(java.lang.Object, java.lang.Object, int, int, int, int)'> (0x000000008bb218c0) 
thrown [s\open\src\hotspot\share\interpreter\linkResolver.cpp, line 774]
Event: 1.567 Thread 0x000002557bb7d930 Exception <a 'java/lang/NoSuchMethodError'{0x000000008b67bfa8}: 'java.lang.Object java.lang.invoke.DirectMethodHandle$Holder.invokeStaticInit(java.lang.Object)'> (0x000000008b67bfa8) 
thrown [s\open\src\hotspot\share\interpreter\linkResolver.cpp, line 774]
Event: 1.664 Thread 0x000002557bb7d930 Exception <a 'sun/nio/fs/WindowsException'{0x000000008b5f56d8}> (0x000000008b5f56d8) 
thrown [s\open\src\hotspot\share\prims\jni.cpp, line 517]
Event: 1.725 Thread 0x000002557bb7d930 Exception <a 'java/lang/NoSuchMethodError'{0x000000008b443c70}: 'void java.lang.invoke.DirectMethodHandle$Holder.invokeVirtual(java.lang.Object, java.lang.Object)'> (0x000000008b443c70) 
thrown [s\open\src\hotspot\share\interpreter\linkResolver.cpp, line 774]
Event: 2.009 Thread 0x000002557bb7d930 Exception <a 'java/lang/NoSuchMethodError'{0x000000008a80f688}: 'java.lang.Object java.lang.invoke.DirectMethodHandle$Holder.newInvokeSpecial(java.lang.Object, java.lang.Object, java.lang.Object, java.lang.Object, java.lang.Object)'> (0x000000008a80f688) 
thrown [s\open\src\hotspot\share\interpreter\linkResolver.cpp, line 774]
Event: 2.101 Thread 0x000002557bb7d930 Exception <a 'java/lang/NoSuchMethodError'{0x000000008a57d540}: 'java.lang.Object java.lang.invoke.DirectMethodHandle$Holder.invokeInterface(java.lang.Object, java.lang.Object, java.lang.Object)'> (0x000000008a57d540) 
thrown [s\open\src\hotspot\share\interpreter\linkResolver.cpp, line 774]
Event: 2.140 Thread 0x000002557bb7d930 Exception <a 'java/lang/NoSuchMethodError'{0x000000008a35acd0}: 'java.lang.Object java.lang.invoke.DirectMethodHandle$Holder.newInvokeSpecial(java.lang.Object, java.lang.Object, int, java.lang.Object, java.lang.Object)'> (0x000000008a35acd0) 
thrown [s\open\src\hotspot\share\interpreter\linkResolver.cpp, line 774]
Event: 2.155 Thread 0x000002557bb7d930 Exception <a 'java/lang/NoSuchMethodError'{0x000000008a3e5f60}: 'int java.lang.invoke.DirectMethodHandle$Holder.invokeStatic(java.lang.Object, java.lang.Object, java.lang.Object, java.lang.Object)'> (0x000000008a3e5f60) 
thrown [s\open\src\hotspot\share\interpreter\linkResolver.cpp, line 774]

VM Operations (20 events):
Event: 1.132 Executing VM operation: HandshakeAllThreads
Event: 1.132 Executing VM operation: HandshakeAllThreads done
Event: 1.202 Executing VM operation: HandshakeAllThreads
Event: 1.202 Executing VM operation: HandshakeAllThreads done
Event: 1.204 Executing VM operation: HandshakeAllThreads
Event: 1.204 Executing VM operation: HandshakeAllThreads done
Event: 1.282 Executing VM operation: HandshakeAllThreads
Event: 1.282 Executing VM operation: HandshakeAllThreads done
Event: 1.282 Executing VM operation: HandshakeAllThreads
Event: 1.282 Executing VM operation: HandshakeAllThreads done
Event: 1.305 Executing VM operation: HandshakeAllThreads
Event: 1.305 Executing VM operation: HandshakeAllThreads done
Event: 1.675 Executing VM operation: HandshakeAllThreads
Event: 1.675 Executing VM operation: HandshakeAllThreads done
Event: 1.853 Executing VM operation: HandshakeAllThreads
Event: 1.854 Executing VM operation: HandshakeAllThreads done
Event: 1.854 Executing VM operation: HandshakeAllThreads
Event: 1.854 Executing VM operation: HandshakeAllThreads done
Event: 1.914 Executing VM operation: ICBufferFull
Event: 1.914 Executing VM operation: ICBufferFull done

Events (19 events):
Event: 0.033 Thread 0x000002557bb7d930 Thread added: 0x000002557bb7d930
Event: 0.052 Thread 0x000002557ff8c430 Thread added: 0x000002557ff8c430
Event: 0.052 Thread 0x000002557ff8ef10 Thread added: 0x000002557ff8ef10
Event: 0.053 Thread 0x000002557ff919f0 Thread added: 0x000002557ff919f0
Event: 0.053 Thread 0x000002557ff92320 Thread added: 0x000002557ff92320
Event: 0.053 Thread 0x000002557ff92c50 Thread added: 0x000002557ff92c50
Event: 0.053 Thread 0x000002557ff93580 Thread added: 0x000002557ff93580
Event: 0.053 Thread 0x000002557ff941e0 Thread added: 0x000002557ff941e0
Event: 0.053 Thread 0x000002557ff967e0 Thread added: 0x000002557ff967e0
Event: 0.053 Thread 0x000002557ff9a910 Thread added: 0x000002557ff9a910
Event: 0.109 Thread 0x000002557ff5e800 Thread added: 0x000002557ff5e800
Event: 0.119 Thread 0x000002551f0cd880 Thread added: 0x000002551f0cd880
Event: 0.195 Thread 0x000002551f251900 Thread added: 0x000002551f251900
Event: 0.232 Thread 0x000002551f3b1180 Thread added: 0x000002551f3b1180
Event: 0.232 Thread 0x000002551f3b16c0 Thread added: 0x000002551f3b16c0
Event: 1.785 Thread 0x000002551fe168d0 Thread added: 0x000002551fe168d0
Event: 1.786 Thread 0x000002551ff42660 Thread added: 0x000002551ff42660
Event: 1.794 Thread 0x000002551fe08c80 Thread added: 0x000002551fe08c80
Event: 1.859 Thread 0x000002551fda3870 Thread added: 0x000002551fda3870


Dynamic libraries:
0x00007ff604370000 - 0x00007ff604380000 	C:\Program Files\Java\jdk-19\bin\java.exe
0x00007ff809470000 - 0x00007ff809684000 	C:\WINDOWS\SYSTEM32\ntdll.dll
0x00007ff807850000 - 0x00007ff807912000 	C:\WINDOWS\System32\KERNEL32.DLL
0x00007ff806cd0000 - 0x00007ff807073000 	C:\WINDOWS\System32\KERNELBASE.dll
0x00007ff807130000 - 0x00007ff807241000 	C:\WINDOWS\System32\ucrtbase.dll
0x00007ffff5580000 - 0x00007ffff5598000 	C:\Program Files\Java\jdk-19\bin\jli.dll
0x00007ffff4790000 - 0x00007ffff47ab000 	C:\Program Files\Java\jdk-19\bin\VCRUNTIME140.dll
0x00007ff8073c0000 - 0x00007ff80746e000 	C:\WINDOWS\System32\ADVAPI32.dll
0x00007ff807250000 - 0x00007ff8072f7000 	C:\WINDOWS\System32\msvcrt.dll
0x00007ff8082a0000 - 0x00007ff808344000 	C:\WINDOWS\System32\sechost.dll
0x00007ff809310000 - 0x00007ff809427000 	C:\WINDOWS\System32\RPCRT4.dll
0x00007ff808bb0000 - 0x00007ff808d5a000 	C:\WINDOWS\System32\USER32.dll
0x00007ff807080000 - 0x00007ff8070a6000 	C:\WINDOWS\System32\win32u.dll
0x00007ff807940000 - 0x00007ff807969000 	C:\WINDOWS\System32\GDI32.dll
0x00007ff806870000 - 0x00007ff806989000 	C:\WINDOWS\System32\gdi32full.dll
0x00007ff806ac0000 - 0x00007ff806b5a000 	C:\WINDOWS\System32\msvcp_win.dll
0x00007fffe4640000 - 0x00007fffe48ce000 	C:\WINDOWS\WinSxS\amd64_microsoft.windows.common-controls_6595b64144ccf1df_6.0.22621.1635_none_270f70857386168e\COMCTL32.dll
0x00007ffffe560000 - 0x00007ffffe56a000 	C:\WINDOWS\SYSTEM32\VERSION.dll
0x00007ff807470000 - 0x00007ff8074a1000 	C:\WINDOWS\System32\IMM32.DLL
0x00007ffff4990000 - 0x00007ffff499c000 	C:\Program Files\Java\jdk-19\bin\vcruntime140_1.dll
0x00007fffee5a0000 - 0x00007fffee62e000 	C:\Program Files\Java\jdk-19\bin\msvcp140.dll
0x00007fff9d880000 - 0x00007fff9e540000 	C:\Program Files\Java\jdk-19\bin\server\jvm.dll
0x00007fffe48d0000 - 0x00007fffe48d9000 	C:\WINDOWS\SYSTEM32\WSOCK32.dll
0x00007ff807f60000 - 0x00007ff807fd1000 	C:\WINDOWS\System32\WS2_32.dll
0x00007ffffe0f0000 - 0x00007ffffe124000 	C:\WINDOWS\SYSTEM32\WINMM.dll
0x00007ff8059a0000 - 0x00007ff8059b8000 	C:\WINDOWS\SYSTEM32\kernel.appcore.dll
0x00007ffff4550000 - 0x00007ffff455a000 	C:\Program Files\Java\jdk-19\bin\jimage.dll
0x00007ff803c20000 - 0x00007ff803e4e000 	C:\WINDOWS\SYSTEM32\DBGHELP.DLL
0x00007ff807bd0000 - 0x00007ff807f59000 	C:\WINDOWS\System32\combase.dll
0x00007ff807a70000 - 0x00007ff807b47000 	C:\WINDOWS\System32\OLEAUT32.dll
0x00007ffffd200000 - 0x00007ffffd232000 	C:\WINDOWS\SYSTEM32\dbgcore.DLL
0x00007ff8070b0000 - 0x00007ff80712a000 	C:\WINDOWS\System32\bcryptPrimitives.dll
0x00007fffd2770000 - 0x00007fffd277e000 	C:\Program Files\Java\jdk-19\bin\instrument.dll
0x00007fffee570000 - 0x00007fffee596000 	C:\Program Files\Java\jdk-19\bin\java.dll
0x00007fffedbe0000 - 0x00007fffedcb7000 	C:\Program Files\Java\jdk-19\bin\jsvml.dll
0x00007ff8083b0000 - 0x00007ff808ba9000 	C:\WINDOWS\System32\SHELL32.dll
0x00007ff804830000 - 0x00007ff8050fe000 	C:\WINDOWS\SYSTEM32\windows.storage.dll
0x00007ff8046f0000 - 0x00007ff80482e000 	C:\WINDOWS\SYSTEM32\wintypes.dll
0x00007ff807970000 - 0x00007ff807a61000 	C:\WINDOWS\System32\SHCORE.dll
0x00007ff807520000 - 0x00007ff80757e000 	C:\WINDOWS\System32\shlwapi.dll
0x00007ff8067a0000 - 0x00007ff8067c6000 	C:\WINDOWS\SYSTEM32\profapi.dll
0x00007fffede00000 - 0x00007fffede18000 	C:\Program Files\Java\jdk-19\bin\zip.dll
0x00007fffef5b0000 - 0x00007fffef5c3000 	C:\Program Files\Java\jdk-19\bin\net.dll
0x00007ff800e20000 - 0x00007ff800f57000 	C:\WINDOWS\SYSTEM32\WINHTTP.dll
0x00007ff805e20000 - 0x00007ff805e89000 	C:\WINDOWS\system32\mswsock.dll
0x00007fffee550000 - 0x00007fffee566000 	C:\Program Files\Java\jdk-19\bin\nio.dll
0x00007fffd2750000 - 0x00007fffd276a000 	C:\Program Files\JetBrains\IntelliJ IDEA Community Edition 2022.2.2\bin\breakgen64.dll
0x00007fffeddc0000 - 0x00007fffeddc8000 	C:\Program Files\Java\jdk-19\bin\extnet.dll
0x00007fffeddf0000 - 0x00007fffede00000 	C:\Program Files\Java\jdk-19\bin\verify.dll
0x00007ff806080000 - 0x00007ff80609b000 	C:\WINDOWS\SYSTEM32\CRYPTSP.dll
0x00007ff805910000 - 0x00007ff805945000 	C:\WINDOWS\system32\rsaenh.dll
0x00007ff805f20000 - 0x00007ff805f4c000 	C:\WINDOWS\SYSTEM32\USERENV.dll
0x00007ff806240000 - 0x00007ff806268000 	C:\WINDOWS\SYSTEM32\bcrypt.dll
0x00007ff8060a0000 - 0x00007ff8060ac000 	C:\WINDOWS\SYSTEM32\CRYPTBASE.dll
0x00007ff805420000 - 0x00007ff80544d000 	C:\WINDOWS\SYSTEM32\IPHLPAPI.DLL
0x00007ff807930000 - 0x00007ff807939000 	C:\WINDOWS\System32\NSI.dll
0x00007ff800000000 - 0x00007ff800019000 	C:\WINDOWS\SYSTEM32\dhcpcsvc6.DLL
0x00007ffffe850000 - 0x00007ffffe86f000 	C:\WINDOWS\SYSTEM32\dhcpcsvc.DLL
0x00007ff8054a0000 - 0x00007ff805593000 	C:\WINDOWS\SYSTEM32\DNSAPI.dll
0x00007ffffe660000 - 0x00007ffffe66a000 	C:\Windows\System32\rasadhlp.dll
0x00007ffffe370000 - 0x00007ffffe3f4000 	C:\WINDOWS\System32\fwpuclnt.dll
0x00007fffeddb0000 - 0x00007fffeddba000 	C:\Program Files\Java\jdk-19\bin\management.dll
0x00007fffedad0000 - 0x00007fffedadb000 	C:\Program Files\Java\jdk-19\bin\management_ext.dll
0x00007ff807300000 - 0x00007ff807308000 	C:\WINDOWS\System32\PSAPI.DLL

dbghelp: loaded successfully - version: 4.0.5 - missing functions: none
symbol engine: initialized successfully - sym options: 0x614 - pdb path: .;C:\Program Files\Java\jdk-19\bin;C:\WINDOWS\SYSTEM32;C:\WINDOWS\WinSxS\amd64_microsoft.windows.common-controls_6595b64144ccf1df_6.0.22621.1635_none_270f70857386168e;C:\Program Files\Java\jdk-19\bin\server;C:\Program Files\JetBrains\IntelliJ IDEA Community Edition 2022.2.2\bin

VM Arguments:
jvm_args: -javaagent:C:\Program Files\JetBrains\IntelliJ IDEA Community Edition 2022.2.2\lib\idea_rt.jar=57748:C:\Program Files\JetBrains\IntelliJ IDEA Community Edition 2022.2.2\bin -Dfile.encoding=UTF-8 -Dsun.stdout.encoding=UTF-8 -Dsun.stderr.encoding=UTF-8 
java_command: test.Main
java_class_path (initial): C:\Users\91702\Downloads\Sending6\out\production\ORM;C:\Users\91702\Downloads\Hibernate & PostgreSQL\txw2-2.3.1.jar;C:\Users\91702\Downloads\Hibernate & PostgreSQL\antlr-2.7.7.jar;C:\Users\91702\Downloads\Hibernate & PostgreSQL\dom4j-2.1.3.jar;C:\Users\91702\Downloads\Hibernate & PostgreSQL\stax-ex-1.8.jar;C:\Users\91702\Downloads\Hibernate & PostgreSQL\jaxb-api-2.3.1.jar;C:\Users\91702\Downloads\Hibernate & PostgreSQL\classmate-1.5.1.jar;C:\Users\91702\Downloads\Hibernate & PostgreSQL\jts-core-1.18.2.jar;C:\Users\91702\Downloads\Hibernate & PostgreSQL\slf4j-api-1.6.1.jar;C:\Users\91702\Downloads\Hibernate & PostgreSQL\byte-buddy-1.12.7.jar;C:\Users\91702\Downloads\Hibernate & PostgreSQL\checker-qual-3.5.0.jar;C:\Users\91702\Downloads\Hibernate & PostgreSQL\FastInfoset-1.2.15.jar;C:\Users\91702\Downloads\Hibernate & PostgreSQL\jandex-2.4.2.Final.jar;C:\Users\91702\Downloads\Hibernate & PostgreSQL\jaxb-runtime-2.3.1.jar;C:\Users\91702\Downloads\Hibernate & PostgreSQL\postgresql-42.2.16.jar;C:\Users\91702\Downloads\Hibernate & PostgreSQL\geolatte-geom-1.8.2.jar;C:\Users\91702\Downloads\Hibernate & PostgreSQL\org.osgi.core-6.0.0.jar;C:\Users\91702\Downloads\Hibernate & PostgreSQL\javax.interceptor-api-1.2.jar;C:\Users\91702\Downloads\Hibernate & PostgreSQL\javax.persistence-api-2.2.jar;C:\Users\91702\Downloads\Hibernate & PostgreSQL\jboss-logging-3.4.3.Final.jar;C:\Users\91702\Downloads\Hibernate & PostgreSQL\org.osgi.compendium-5.0.0.jar;C:\Users\91702\Downloads\Hibernate & PostgreSQL\hibernate-core-5.6.5.Final.jar;C:\Users\91702\Downloads\Hibernate & PostgreSQL\hibernate-osgi-5.6.5.Final.jar;C:\Users\91702\Downloads\Hibernate & PostgreSQL\javax.activation-api-1.2.0.jar;C:\Users\91702\Downloads\Hibernate & PostgreSQL\hibernate-envers-5.6.5.Final.jar;C:\Users\91702\Downloads\Hibernate & PostgreSQL\istack-commons-runtime-3.0.7.jar;C:\Users\91702\Downloads\Hibernate & PostgreSQL\hibernate-spatial-5.6.5.Final.jar;C:\Users\91702\Downloads\Hibernate & PostgreSQL\hibernate-jpamodelgen-5.6.5.Final.jar;C:\Users\91702\Downloads\Hibernate & PostgreSQL\hibernate-commons-annotations-5.1.2.Final.jar;C:\Users\91702\Downloads\Hibernate & PostgreSQL\jboss-transaction-api_1.2_spec-1.1.1.Final.jar
Launcher Type: SUN_STANDARD

[Global flags]
     intx CICompilerCount                          = 12                                        {product} {ergonomic}
     uint ConcGCThreads                            = 3                                         {product} {ergonomic}
     uint G1ConcRefinementThreads                  = 13                                        {product} {ergonomic}
   size_t G1HeapRegionSize                         = 1048576                                   {product} {ergonomic}
    uintx GCDrainStackTargetSize                   = 64                                        {product} {ergonomic}
   size_t InitialHeapSize                          = 130023424                                 {product} {ergonomic}
   size_t MarkStackSize                            = 4194304                                   {product} {ergonomic}
   size_t MaxHeapSize                              = 2071986176                                {product} {ergonomic}
   size_t MaxNewSize                               = 1242562560                                {product} {ergonomic}
   size_t MinHeapDeltaBytes                        = 1048576                                   {product} {ergonomic}
   size_t MinHeapSize                              = 8388608                                   {product} {ergonomic}
    uintx NonNMethodCodeHeapSize                   = 7602480                                {pd product} {ergonomic}
    uintx NonProfiledCodeHeapSize                  = 122027880                              {pd product} {ergonomic}
    uintx ProfiledCodeHeapSize                     = 122027880                              {pd product} {ergonomic}
    uintx ReservedCodeCacheSize                    = 251658240                              {pd product} {ergonomic}
     bool SegmentedCodeCache                       = true                                      {product} {ergonomic}
   size_t SoftMaxHeapSize                          = 2071986176                             {manageable} {ergonomic}
     bool UseCompressedClassPointers               = true                           {product lp64_product} {ergonomic}
     bool UseCompressedOops                        = true                           {product lp64_product} {ergonomic}
     bool UseG1GC                                  = true                                      {product} {ergonomic}
     bool UseLargePagesIndividualAllocation        = false                                  {pd product} {ergonomic}

Logging:
Log output configuration:
 #0: stdout all=warning uptime,level,tags foldmultilines=false
 #1: stderr all=off uptime,level,tags foldmultilines=false

Environment Variables:
CLASSPATH=C:\mysql-connector-java-5.1.5-bin.jar;,;
PATH=C:\Users\91702\AppData\Local\Programs\Python\Python311\Scripts\;C:\Users\91702\AppData\Local\Programs\Python\Python311\;C:\Program Files\Common Files\Oracle\Java\javapath;C:\Windows\system32;C:\Windows;C:\Windows\System32\Wbem;C:\Windows\System32\WindowsPowerShell\v1.0\;C:\Windows\System32\OpenSSH\;C:\Program Files (x86)\NVIDIA Corporation\PhysX\Common;C:\Program Files\NVIDIA Corporation\NVIDIA NvDLISR;C:\Program Files\Java\jdk-19\bin;C:\MinGW\bin;C:\WINDOWS\system32;C:\WINDOWS;C:\WINDOWS\System32\Wbem;C:\WINDOWS\System32\WindowsPowerShell\v1.0\;C:\WINDOWS\System32\OpenSSH\;C:\Program Files (x86)\nodejs\;C:\ProgramData\chocolatey\bin;C:\Program Files\MySQL\MySQL Server 5.5\bin;C:\Program Files\MongoDB\Server\6.0\bin;C:\Users\91702\AppData\Local\Microsoft\WindowsApps;;C:\Program Files\JetBrains\IntelliJ IDEA Community Edition 2022.2.2\bin;;C:\Program Files\JetBrains\PyCharm Community Edition 2022.3.2\bin;;C:\Users\91702\AppData\Roaming\npm;C:\Users\91702\AppData\Local\Programs\Microsoft VS Code\bin
USERNAME=91702
OS=Windows_NT
PROCESSOR_IDENTIFIER=Intel64 Family 6 Model 154 Stepping 3, GenuineIntel
TMP=C:\Users\91702\AppData\Local\Temp
TEMP=C:\Users\91702\AppData\Local\Temp



---------------  S Y S T E M  ---------------

OS:
 Windows 11 , 64 bit Build 22621 (10.0.22621.1928)
OS uptime: 0 days 0:08 hours
Hyper-V role detected

CPU: total 16 (initial active 16) (8 cores per cpu, 2 threads per core) family 6 model 154 stepping 3 microcode 0x419, cx8, cmov, fxsr, ht, mmx, 3dnowpref, sse, sse2, sse3, ssse3, sse4.1, sse4.2, popcnt, lzcnt, tsc, tscinvbit, avx, avx2, aes, erms, clmul, bmi1, bmi2, adx, sha, fma, vzeroupper, clflush, clflushopt, clwb, hv, serialize, rdtscp, rdpid, fsrm

Memory: 4k page, system-wide physical 7896M (1478M free)
TotalPageFile size 9047M (AvailPageFile size 4M)
current process WorkingSet (physical memory assigned to process): 114M, peak: 114M
current process commit charge ("private bytes"): 257M, peak: 257M

vm_info: Java HotSpot(TM) 64-Bit Server VM (19+36-2238) for windows-amd64 JRE (19+36-2238), built on 2022-08-12T20:29:01Z by "mach5one" with MS VC++ 17.1 (VS2022)

END.
